

Microchip MPLAB XC8 Assembler V2.10 build 88905656 
                                                                                               Sun Feb 23 23:43:55 2020

Microchip MPLAB XC8 C Compiler v2.10 (Free license) build 20190730164152 Og1 
     1                           	processor	16F887
     2                           	opt	pw 120
     3                           	opt	flic
     4                           	psect	cinit,global,class=CODE,merge=1,delta=2
     5                           	psect	bssCOMMON,global,class=COMMON,space=1,delta=1
     6                           	psect	cstackCOMMON,global,class=COMMON,space=1,delta=1
     7                           	psect	maintext,global,class=CODE,split=1,delta=2
     8                           	psect	text1,local,class=CODE,merge=1,delta=2
     9                           	psect	text2,local,class=CODE,merge=1,delta=2
    10                           	psect	text3,local,class=CODE,merge=1,delta=2
    11                           	psect	intentry,global,class=CODE,delta=2
    12                           	dabs	1,0x7E,2
    13  0000                     
    14                           ; Version 2.10
    15                           ; Generated 31/07/2019 GMT
    16                           ; 
    17                           ; Copyright © 2019, Microchip Technology Inc. and its subsidiaries ("Microchip")
    18                           ; All rights reserved.
    19                           ; 
    20                           ; This software is developed by Microchip Technology Inc. and its subsidiaries ("Microch
      +                          ip").
    21                           ; 
    22                           ; Redistribution and use in source and binary forms, with or without modification, are
    23                           ; permitted provided that the following conditions are met:
    24                           ; 
    25                           ;     1. Redistributions of source code must retain the above copyright notice, this lis
      +                          t of
    26                           ;        conditions and the following disclaimer.
    27                           ; 
    28                           ;     2. Redistributions in binary form must reproduce the above copyright notice, this 
      +                          list
    29                           ;        of conditions and the following disclaimer in the documentation and/or other
    30                           ;        materials provided with the distribution.
    31                           ; 
    32                           ;     3. Microchip's name may not be used to endorse or promote products derived from th
      +                          is
    33                           ;        software without specific prior written permission.
    34                           ; 
    35                           ; THIS SOFTWARE IS PROVIDED BY MICROCHIP "AS IS" AND ANY EXPRESS OR IMPLIED WARRANTIES,
    36                           ; INCLUDING, BUT NOT LIMITED TO, THE IMPLIED WARRANTIES OF MERCHANTABILITY AND FITNESS F
      +                          OR
    37                           ; PURPOSE ARE DISCLAIMED.  IN NO EVENT SHALL MICROCHIP BE LIABLE FOR ANY DIRECT, INDIREC
      +                          T,
    38                           ; INCIDENTAL, SPECIAL, EXEMPLARY, OR CONSEQUENTIAL DAMAGES (INCLUDING BUT NOT LIMITED TO
    39                           ; PROCUREMENT OF SUBSTITUTE GOODS OR SERVICES; LOSS OF USE, DATA OR PROFITS; OR BUSINESS
    40                           ; INTERRUPTION) HOWSOEVER CAUSED AND ON ANY THEORY OF LIABILITY, WHETHER IN CONTRACT, ST
      +                          RICT
    41                           ; LIABILITY, OR TORT (INCLUDING NEGLIGENCE OR OTHERWISE) ARISING IN ANY WAY OUT OF THE U
      +                          SE OF
    42                           ; THIS SOFTWARE, EVEN IF ADVISED OF THE POSSIBILITY OF SUCH DAMAGE.
    43                           ; 
    44                           ; 
    45                           ; Code-generator required, PIC16F887 Definitions
    46                           ; 
    47                           ; SFR Addresses
    48  0000                     	;# 
    49  0001                     	;# 
    50  0002                     	;# 
    51  0003                     	;# 
    52  0004                     	;# 
    53  0005                     	;# 
    54  0006                     	;# 
    55  0007                     	;# 
    56  0008                     	;# 
    57  0009                     	;# 
    58  000A                     	;# 
    59  000B                     	;# 
    60  000C                     	;# 
    61  000D                     	;# 
    62  000E                     	;# 
    63  000E                     	;# 
    64  000F                     	;# 
    65  0010                     	;# 
    66  0011                     	;# 
    67  0012                     	;# 
    68  0013                     	;# 
    69  0014                     	;# 
    70  0015                     	;# 
    71  0015                     	;# 
    72  0016                     	;# 
    73  0017                     	;# 
    74  0018                     	;# 
    75  0019                     	;# 
    76  001A                     	;# 
    77  001B                     	;# 
    78  001B                     	;# 
    79  001C                     	;# 
    80  001D                     	;# 
    81  001E                     	;# 
    82  001F                     	;# 
    83  0081                     	;# 
    84  0085                     	;# 
    85  0086                     	;# 
    86  0087                     	;# 
    87  0088                     	;# 
    88  0089                     	;# 
    89  008C                     	;# 
    90  008D                     	;# 
    91  008E                     	;# 
    92  008F                     	;# 
    93  0090                     	;# 
    94  0091                     	;# 
    95  0092                     	;# 
    96  0093                     	;# 
    97  0093                     	;# 
    98  0093                     	;# 
    99  0094                     	;# 
   100  0095                     	;# 
   101  0096                     	;# 
   102  0097                     	;# 
   103  0098                     	;# 
   104  0099                     	;# 
   105  009A                     	;# 
   106  009B                     	;# 
   107  009C                     	;# 
   108  009D                     	;# 
   109  009E                     	;# 
   110  009F                     	;# 
   111  0105                     	;# 
   112  0107                     	;# 
   113  0108                     	;# 
   114  0109                     	;# 
   115  010C                     	;# 
   116  010C                     	;# 
   117  010D                     	;# 
   118  010E                     	;# 
   119  010F                     	;# 
   120  0185                     	;# 
   121  0187                     	;# 
   122  0188                     	;# 
   123  0189                     	;# 
   124  018C                     	;# 
   125  018D                     	;# 
   126  0000                     	;# 
   127  0001                     	;# 
   128  0002                     	;# 
   129  0003                     	;# 
   130  0004                     	;# 
   131  0005                     	;# 
   132  0006                     	;# 
   133  0007                     	;# 
   134  0008                     	;# 
   135  0009                     	;# 
   136  000A                     	;# 
   137  000B                     	;# 
   138  000C                     	;# 
   139  000D                     	;# 
   140  000E                     	;# 
   141  000E                     	;# 
   142  000F                     	;# 
   143  0010                     	;# 
   144  0011                     	;# 
   145  0012                     	;# 
   146  0013                     	;# 
   147  0014                     	;# 
   148  0015                     	;# 
   149  0015                     	;# 
   150  0016                     	;# 
   151  0017                     	;# 
   152  0018                     	;# 
   153  0019                     	;# 
   154  001A                     	;# 
   155  001B                     	;# 
   156  001B                     	;# 
   157  001C                     	;# 
   158  001D                     	;# 
   159  001E                     	;# 
   160  001F                     	;# 
   161  0081                     	;# 
   162  0085                     	;# 
   163  0086                     	;# 
   164  0087                     	;# 
   165  0088                     	;# 
   166  0089                     	;# 
   167  008C                     	;# 
   168  008D                     	;# 
   169  008E                     	;# 
   170  008F                     	;# 
   171  0090                     	;# 
   172  0091                     	;# 
   173  0092                     	;# 
   174  0093                     	;# 
   175  0093                     	;# 
   176  0093                     	;# 
   177  0094                     	;# 
   178  0095                     	;# 
   179  0096                     	;# 
   180  0097                     	;# 
   181  0098                     	;# 
   182  0099                     	;# 
   183  009A                     	;# 
   184  009B                     	;# 
   185  009C                     	;# 
   186  009D                     	;# 
   187  009E                     	;# 
   188  009F                     	;# 
   189  0105                     	;# 
   190  0107                     	;# 
   191  0108                     	;# 
   192  0109                     	;# 
   193  010C                     	;# 
   194  010C                     	;# 
   195  010D                     	;# 
   196  010E                     	;# 
   197  010F                     	;# 
   198  0185                     	;# 
   199  0187                     	;# 
   200  0188                     	;# 
   201  0189                     	;# 
   202  018C                     	;# 
   203  018D                     	;# 
   204  0000                     	;# 
   205  0001                     	;# 
   206  0002                     	;# 
   207  0003                     	;# 
   208  0004                     	;# 
   209  0005                     	;# 
   210  0006                     	;# 
   211  0007                     	;# 
   212  0008                     	;# 
   213  0009                     	;# 
   214  000A                     	;# 
   215  000B                     	;# 
   216  000C                     	;# 
   217  000D                     	;# 
   218  000E                     	;# 
   219  000E                     	;# 
   220  000F                     	;# 
   221  0010                     	;# 
   222  0011                     	;# 
   223  0012                     	;# 
   224  0013                     	;# 
   225  0014                     	;# 
   226  0015                     	;# 
   227  0015                     	;# 
   228  0016                     	;# 
   229  0017                     	;# 
   230  0018                     	;# 
   231  0019                     	;# 
   232  001A                     	;# 
   233  001B                     	;# 
   234  001B                     	;# 
   235  001C                     	;# 
   236  001D                     	;# 
   237  001E                     	;# 
   238  001F                     	;# 
   239  0081                     	;# 
   240  0085                     	;# 
   241  0086                     	;# 
   242  0087                     	;# 
   243  0088                     	;# 
   244  0089                     	;# 
   245  008C                     	;# 
   246  008D                     	;# 
   247  008E                     	;# 
   248  008F                     	;# 
   249  0090                     	;# 
   250  0091                     	;# 
   251  0092                     	;# 
   252  0093                     	;# 
   253  0093                     	;# 
   254  0093                     	;# 
   255  0094                     	;# 
   256  0095                     	;# 
   257  0096                     	;# 
   258  0097                     	;# 
   259  0098                     	;# 
   260  0099                     	;# 
   261  009A                     	;# 
   262  009B                     	;# 
   263  009C                     	;# 
   264  009D                     	;# 
   265  009E                     	;# 
   266  009F                     	;# 
   267  0105                     	;# 
   268  0107                     	;# 
   269  0108                     	;# 
   270  0109                     	;# 
   271  010C                     	;# 
   272  010C                     	;# 
   273  010D                     	;# 
   274  010E                     	;# 
   275  010F                     	;# 
   276  0185                     	;# 
   277  0187                     	;# 
   278  0188                     	;# 
   279  0189                     	;# 
   280  018C                     	;# 
   281  018D                     	;# 
   282  0014                     _SSPCON	set	20
   283  001E                     _ADRESH	set	30
   284  001F                     _ADCON0bits	set	31
   285  0006                     _PORTB	set	6
   286  0008                     _PORTD	set	8
   287  0013                     _SSPBUF	set	19
   288  0014                     _SSPCONbits	set	20
   289  000C                     _PIR1bits	set	12
   290  0063                     _SSPIF	set	99
   291  005E                     _PEIE	set	94
   292  005F                     _GIE	set	95
   293  0091                     _SSPCON2bits	set	145
   294  0087                     _TRISCbits	set	135
   295  0094                     _SSPSTAT	set	148
   296  0093                     _SSPADD	set	147
   297  0091                     _SSPCON2	set	145
   298  0085                     _TRISAbits	set	133
   299  0088                     _TRISD	set	136
   300  0086                     _TRISB	set	134
   301  009F                     _ADCON1bits	set	159
   302  0094                     _SSPSTATbits	set	148
   303  0463                     _SSPIE	set	1123
   304  043C                     _TRISC4	set	1084
   305  043B                     _TRISC3	set	1083
   306  04A0                     _BF	set	1184
   307  0188                     _ANSELbits	set	392
   308  0189                     _ANSELH	set	393
   309  0188                     _ANSEL	set	392
   310                           
   311                           ; #config settings
   312  0000                     
   313                           	psect	cinit
   314  000F                     start_initialization:	
   315  000F                     __initialization:	
   316                           
   317                           ; Clear objects allocated to COMMON
   318  000F  01F0               	clrf	__pbssCOMMON& (0+127)
   319  0010  01F1               	clrf	(__pbssCOMMON+1)& (0+127)
   320  0011  01F2               	clrf	(__pbssCOMMON+2)& (0+127)
   321  0012  01F3               	clrf	(__pbssCOMMON+3)& (0+127)
   322  0013  01F4               	clrf	(__pbssCOMMON+4)& (0+127)
   323  0014  01F5               	clrf	(__pbssCOMMON+5)& (0+127)
   324  0015                     end_of_initialization:	
   325                           ;End of C runtime variable initialization code
   326                           
   327  0015                     __end_of__initialization:	
   328  0015  0183               	clrf	3
   329  0016  120A  118A  287C   	ljmp	_main	;jump to C main() function
   330                           
   331                           	psect	bssCOMMON
   332  0070                     __pbssCOMMON:	
   333  0070                     _valor:	
   334  0070                     	ds	1
   335  0071                     _valor2:	
   336  0071                     	ds	1
   337  0072                     _coso2:	
   338  0072                     	ds	1
   339  0073                     _coso:	
   340  0073                     	ds	1
   341  0074                     _dato:	
   342  0074                     	ds	1
   343  0075                     _z:	
   344  0075                     	ds	1
   345                           
   346                           	psect	cstackCOMMON
   347  0076                     __pcstackCOMMON:	
   348  0076                     ?_setup:	
   349  0076                     ?_I2C_Slave_Init:	
   350                           ; 1 bytes @ 0x0
   351                           
   352  0076                     ?_isr:	
   353                           ; 1 bytes @ 0x0
   354                           
   355  0076                     ??_isr:	
   356                           ; 1 bytes @ 0x0
   357                           
   358  0076                     ?_main:	
   359                           ; 1 bytes @ 0x0
   360                           
   361                           
   362                           ; 1 bytes @ 0x0
   363  0076                     	ds	3
   364  0079                     ??_I2C_Slave_Init:	
   365  0079                     I2C_Slave_Init@address:	
   366                           ; 1 bytes @ 0x3
   367                           
   368                           
   369                           ; 1 bytes @ 0x3
   370  0079                     	ds	1
   371  007A                     ??_setup:	
   372  007A                     ??_main:	
   373                           ; 1 bytes @ 0x4
   374                           
   375                           
   376                           ; 1 bytes @ 0x4
   377  007A                     	ds	2
   378                           
   379                           	psect	maintext
   380  007C                     __pmaintext:	
   381 ;;
   382 ;;Main: autosize = 0, tempsize = 2, incstack = 0, save=0
   383 ;;
   384 ;; *************** function _main *****************
   385 ;; Defined at:
   386 ;;		line 82 in file "slave1.c"
   387 ;; Parameters:    Size  Location     Type
   388 ;;		None
   389 ;; Auto vars:     Size  Location     Type
   390 ;;		None
   391 ;; Return value:  Size  Location     Type
   392 ;;                  1    wreg      void 
   393 ;; Registers used:
   394 ;;		wreg, status,2, status,0, pclath, cstack
   395 ;; Tracked objects:
   396 ;;		On entry : B00/0
   397 ;;		On exit  : 0/0
   398 ;;		Unchanged: 0/0
   399 ;; Data sizes:     COMMON   BANK0   BANK1   BANK3   BANK2
   400 ;;      Params:         0       0       0       0       0
   401 ;;      Locals:         0       0       0       0       0
   402 ;;      Temps:          2       0       0       0       0
   403 ;;      Totals:         2       0       0       0       0
   404 ;;Total ram usage:        2 bytes
   405 ;; Hardware stack levels required when called:    3
   406 ;; This function calls:
   407 ;;		_setup
   408 ;; This function is called by:
   409 ;;		Startup code after reset
   410 ;; This function uses a non-reentrant model
   411 ;;
   412                           
   413                           
   414                           ;psect for function _main
   415  007C                     _main:	
   416  007C                     l797:	
   417                           ;incstack = 0
   418                           ; Regs used in _main: [wreg+status,2+status,0+pclath+cstack]
   419                           
   420                           
   421                           ;slave1.c: 83:     setup();
   422  007C  120A  118A  20A7  120A  118A  	fcall	_setup
   423  0081                     l799:	
   424                           
   425                           ;slave1.c: 84:      ADCON0bits.ADCS1=1;
   426  0081  1283               	bcf	3,5	;RP0=0, select bank0
   427  0082  1303               	bcf	3,6	;RP1=0, select bank0
   428  0083  179F               	bsf	31,7	;volatile
   429  0084                     l801:	
   430                           
   431                           ;slave1.c: 85:     ADCON0bits.ADCS0=0;
   432  0084  131F               	bcf	31,6	;volatile
   433  0085                     l803:	
   434                           
   435                           ;slave1.c: 89:     ADCON1bits.ADFM =0 ;
   436  0085  1683               	bsf	3,5	;RP0=1, select bank1
   437  0086  1303               	bcf	3,6	;RP1=0, select bank1
   438  0087  139F               	bcf	31,7	;volatile
   439  0088                     l805:	
   440                           
   441                           ;slave1.c: 90:     ADCON1bits.VCFG1=0 ;
   442  0088  129F               	bcf	31,5	;volatile
   443  0089                     l807:	
   444                           
   445                           ;slave1.c: 91:     ADCON1bits.VCFG0=0 ;
   446  0089  121F               	bcf	31,4	;volatile
   447  008A                     l809:	
   448                           
   449                           ;slave1.c: 93:     ADCON0bits.ADON=1;
   450  008A  1283               	bcf	3,5	;RP0=0, select bank0
   451  008B  1303               	bcf	3,6	;RP1=0, select bank0
   452  008C  141F               	bsf	31,0	;volatile
   453  008D                     l811:	
   454                           
   455                           ;slave1.c: 98:         ADCON0bits.CHS = 0b0000;
   456  008D  30C3               	movlw	-61
   457  008E  059F               	andwf	31,f	;volatile
   458  008F                     l813:	
   459                           
   460                           ;slave1.c: 99:              _delay((unsigned long)((20)*(8000000/4000.0)));
   461  008F  3034               	movlw	52
   462  0090  00FB               	movwf	??_main+1
   463  0091  30F1               	movlw	241
   464  0092  00FA               	movwf	??_main
   465  0093                     u157:	
   466  0093  0BFA               	decfsz	??_main,f
   467  0094  2893               	goto	u157
   468  0095  0BFB               	decfsz	??_main+1,f
   469  0096  2893               	goto	u157
   470  0097  2898               	nop2
   471  0098                     l815:	
   472                           
   473                           ;slave1.c: 100:             ADCON0bits.GO=1;
   474  0098  1283               	bcf	3,5	;RP0=0, select bank0
   475  0099  1303               	bcf	3,6	;RP1=0, select bank0
   476  009A  149F               	bsf	31,1	;volatile
   477                           
   478                           ;slave1.c: 101:             while(ADCON0bits.GO){
   479  009B  28A0               	goto	l819
   480  009C                     l817:	
   481                           
   482                           ;slave1.c: 102:                 coso=ADRESH;
   483  009C  081E               	movf	30,w	;volatile
   484  009D  00FA               	movwf	??_main
   485  009E  087A               	movf	??_main,w
   486  009F  00F3               	movwf	_coso
   487  00A0                     l819:	
   488                           
   489                           ;slave1.c: 101:             while(ADCON0bits.GO){
   490  00A0  189F               	btfsc	31,1	;volatile
   491  00A1  28A3               	goto	u121
   492  00A2  28A4               	goto	u120
   493  00A3                     u121:	
   494  00A3  289C               	goto	l817
   495  00A4                     u120:	
   496  00A4                     l77:	
   497  00A4  120A  118A  280C   	ljmp	start
   498  00A7                     __end_of_main:	
   499                           
   500                           	psect	text1
   501  00A7                     __ptext1:	
   502 ;; *************** function _setup *****************
   503 ;; Defined at:
   504 ;;		line 109 in file "slave1.c"
   505 ;; Parameters:    Size  Location     Type
   506 ;;		None
   507 ;; Auto vars:     Size  Location     Type
   508 ;;		None
   509 ;; Return value:  Size  Location     Type
   510 ;;                  1    wreg      void 
   511 ;; Registers used:
   512 ;;		wreg, status,2, status,0, pclath, cstack
   513 ;; Tracked objects:
   514 ;;		On entry : 0/0
   515 ;;		On exit  : 0/0
   516 ;;		Unchanged: 0/0
   517 ;; Data sizes:     COMMON   BANK0   BANK1   BANK3   BANK2
   518 ;;      Params:         0       0       0       0       0
   519 ;;      Locals:         0       0       0       0       0
   520 ;;      Temps:          0       0       0       0       0
   521 ;;      Totals:         0       0       0       0       0
   522 ;;Total ram usage:        0 bytes
   523 ;; Hardware stack levels used:    1
   524 ;; Hardware stack levels required when called:    2
   525 ;; This function calls:
   526 ;;		_I2C_Slave_Init
   527 ;; This function is called by:
   528 ;;		_main
   529 ;; This function uses a non-reentrant model
   530 ;;
   531                           
   532                           
   533                           ;psect for function _setup
   534  00A7                     _setup:	
   535  00A7                     l743:	
   536                           ;incstack = 0
   537                           ; Regs used in _setup: [wreg+status,2+status,0+pclath+cstack]
   538                           
   539                           
   540                           ;slave1.c: 110:     ANSEL = 0;
   541  00A7  1683               	bsf	3,5	;RP0=1, select bank3
   542  00A8  1703               	bsf	3,6	;RP1=1, select bank3
   543  00A9  0188               	clrf	8	;volatile
   544                           
   545                           ;slave1.c: 111:     ANSELH = 0;
   546  00AA  0189               	clrf	9	;volatile
   547                           
   548                           ;slave1.c: 113:     TRISB = 0;
   549  00AB  1683               	bsf	3,5	;RP0=1, select bank1
   550  00AC  1303               	bcf	3,6	;RP1=0, select bank1
   551  00AD  0186               	clrf	6	;volatile
   552                           
   553                           ;slave1.c: 114:     TRISD = 0;
   554  00AE  0188               	clrf	8	;volatile
   555  00AF                     l745:	
   556                           
   557                           ;slave1.c: 115:     TRISAbits.TRISA0 = 1;
   558  00AF  1405               	bsf	5,0	;volatile
   559  00B0                     l747:	
   560                           
   561                           ;slave1.c: 116:     TRISAbits.TRISA1 = 1;
   562  00B0  1485               	bsf	5,1	;volatile
   563  00B1                     l749:	
   564                           
   565                           ;slave1.c: 117:     TRISAbits.TRISA2 = 1;
   566  00B1  1505               	bsf	5,2	;volatile
   567  00B2                     l751:	
   568                           
   569                           ;slave1.c: 118:     ANSELbits.ANS0=1;
   570  00B2  1683               	bsf	3,5	;RP0=1, select bank3
   571  00B3  1703               	bsf	3,6	;RP1=1, select bank3
   572  00B4  1408               	bsf	8,0	;volatile
   573  00B5                     l753:	
   574                           
   575                           ;slave1.c: 119:     ANSELbits.ANS1=1;
   576  00B5  1488               	bsf	8,1	;volatile
   577  00B6                     l755:	
   578                           
   579                           ;slave1.c: 120:     ANSELbits.ANS2=1;
   580  00B6  1508               	bsf	8,2	;volatile
   581                           
   582                           ;slave1.c: 121:     PORTB = 0;
   583  00B7  1283               	bcf	3,5	;RP0=0, select bank0
   584  00B8  1303               	bcf	3,6	;RP1=0, select bank0
   585  00B9  0186               	clrf	6	;volatile
   586                           
   587                           ;slave1.c: 122:     PORTD = 0;
   588  00BA  0188               	clrf	8	;volatile
   589  00BB                     l757:	
   590                           
   591                           ;slave1.c: 123:     I2C_Slave_Init(0x50);
   592  00BB  3050               	movlw	80
   593  00BC  120A  118A  20C2  120A  118A  	fcall	_I2C_Slave_Init
   594  00C1                     l82:	
   595  00C1  0008               	return
   596  00C2                     __end_of_setup:	
   597                           
   598                           	psect	text2
   599  00C2                     __ptext2:	
   600 ;; *************** function _I2C_Slave_Init *****************
   601 ;; Defined at:
   602 ;;		line 93 in file "I2C.c"
   603 ;; Parameters:    Size  Location     Type
   604 ;;  address         1    wreg     unsigned char 
   605 ;; Auto vars:     Size  Location     Type
   606 ;;  address         1    3[COMMON] unsigned char 
   607 ;; Return value:  Size  Location     Type
   608 ;;                  1    wreg      void 
   609 ;; Registers used:
   610 ;;		wreg
   611 ;; Tracked objects:
   612 ;;		On entry : 0/0
   613 ;;		On exit  : 0/0
   614 ;;		Unchanged: 0/0
   615 ;; Data sizes:     COMMON   BANK0   BANK1   BANK3   BANK2
   616 ;;      Params:         0       0       0       0       0
   617 ;;      Locals:         1       0       0       0       0
   618 ;;      Temps:          0       0       0       0       0
   619 ;;      Totals:         1       0       0       0       0
   620 ;;Total ram usage:        1 bytes
   621 ;; Hardware stack levels used:    1
   622 ;; Hardware stack levels required when called:    1
   623 ;; This function calls:
   624 ;;		Nothing
   625 ;; This function is called by:
   626 ;;		_setup
   627 ;; This function uses a non-reentrant model
   628 ;;
   629                           
   630                           
   631                           ;psect for function _I2C_Slave_Init
   632  00C2                     _I2C_Slave_Init:	
   633                           
   634                           ;incstack = 0
   635                           ; Regs used in _I2C_Slave_Init: [wreg]
   636                           ;I2C_Slave_Init@address stored from wreg
   637  00C2  00F9               	movwf	I2C_Slave_Init@address
   638  00C3                     l729:	
   639                           
   640                           ;I2C.c: 95:     SSPADD = address;
   641  00C3  0879               	movf	I2C_Slave_Init@address,w
   642  00C4  1683               	bsf	3,5	;RP0=1, select bank1
   643  00C5  1303               	bcf	3,6	;RP1=0, select bank1
   644  00C6  0093               	movwf	19	;volatile
   645                           
   646                           ;I2C.c: 96:     SSPCON = 0x36;
   647  00C7  3036               	movlw	54
   648  00C8  1283               	bcf	3,5	;RP0=0, select bank0
   649  00C9  1303               	bcf	3,6	;RP1=0, select bank0
   650  00CA  0094               	movwf	20	;volatile
   651                           
   652                           ;I2C.c: 97:     SSPSTAT = 0x80;
   653  00CB  3080               	movlw	128
   654  00CC  1683               	bsf	3,5	;RP0=1, select bank1
   655  00CD  1303               	bcf	3,6	;RP1=0, select bank1
   656  00CE  0094               	movwf	20	;volatile
   657                           
   658                           ;I2C.c: 98:     SSPCON2 = 0x01;
   659  00CF  3001               	movlw	1
   660  00D0  0091               	movwf	17	;volatile
   661  00D1                     l731:	
   662                           
   663                           ;I2C.c: 99:     TRISC3 = 1;
   664  00D1  1587               	bsf	7,3	;volatile
   665  00D2                     l733:	
   666                           
   667                           ;I2C.c: 100:     TRISC4 = 1;
   668  00D2  1607               	bsf	7,4	;volatile
   669  00D3                     l735:	
   670                           
   671                           ;I2C.c: 101:     GIE = 1;
   672  00D3  178B               	bsf	11,7	;volatile
   673  00D4                     l737:	
   674                           
   675                           ;I2C.c: 102:     PEIE = 1;
   676  00D4  170B               	bsf	11,6	;volatile
   677  00D5                     l739:	
   678                           
   679                           ;I2C.c: 103:     SSPIF = 0;
   680  00D5  1283               	bcf	3,5	;RP0=0, select bank0
   681  00D6  1303               	bcf	3,6	;RP1=0, select bank0
   682  00D7  118C               	bcf	12,3	;volatile
   683  00D8                     l741:	
   684                           
   685                           ;I2C.c: 104:     SSPIE = 1;
   686  00D8  1683               	bsf	3,5	;RP0=1, select bank1
   687  00D9  1303               	bcf	3,6	;RP1=0, select bank1
   688  00DA  158C               	bsf	12,3	;volatile
   689  00DB                     l137:	
   690  00DB  0008               	return
   691  00DC                     __end_of_I2C_Slave_Init:	
   692                           
   693                           	psect	text3
   694  0019                     __ptext3:	
   695 ;; *************** function _isr *****************
   696 ;; Defined at:
   697 ;;		line 44 in file "slave1.c"
   698 ;; Parameters:    Size  Location     Type
   699 ;;		None
   700 ;; Auto vars:     Size  Location     Type
   701 ;;		None
   702 ;; Return value:  Size  Location     Type
   703 ;;                  1    wreg      void 
   704 ;; Registers used:
   705 ;;		wreg
   706 ;; Tracked objects:
   707 ;;		On entry : 0/0
   708 ;;		On exit  : 0/0
   709 ;;		Unchanged: 0/0
   710 ;; Data sizes:     COMMON   BANK0   BANK1   BANK3   BANK2
   711 ;;      Params:         0       0       0       0       0
   712 ;;      Locals:         0       0       0       0       0
   713 ;;      Temps:          3       0       0       0       0
   714 ;;      Totals:         3       0       0       0       0
   715 ;;Total ram usage:        3 bytes
   716 ;; Hardware stack levels used:    1
   717 ;; This function calls:
   718 ;;		Nothing
   719 ;; This function is called by:
   720 ;;		Interrupt level 1
   721 ;; This function uses a non-reentrant model
   722 ;;
   723                           
   724                           
   725                           ;psect for function _isr
   726  0019                     _isr:	
   727  0019                     i1l763:	
   728                           
   729                           ;slave1.c: 45:    if(PIR1bits.SSPIF == 1){
   730  0019  1283               	bcf	3,5	;RP0=0, select bank0
   731  001A  1303               	bcf	3,6	;RP1=0, select bank0
   732  001B  1D8C               	btfss	12,3	;volatile
   733  001C  281E               	goto	u3_21
   734  001D  281F               	goto	u3_20
   735  001E                     u3_21:	
   736  001E  2875               	goto	i1l68
   737  001F                     u3_20:	
   738  001F                     i1l765:	
   739                           
   740                           ;slave1.c: 47:         SSPCONbits.CKP = 0;
   741  001F  1214               	bcf	20,4	;volatile
   742                           
   743                           ;slave1.c: 49:         if ((SSPCONbits.SSPOV) || (SSPCONbits.WCOL)){
   744  0020  1B14               	btfsc	20,6	;volatile
   745  0021  2823               	goto	u4_21
   746  0022  2824               	goto	u4_20
   747  0023                     u4_21:	
   748  0023  2828               	goto	i1l769
   749  0024                     u4_20:	
   750  0024                     i1l767:	
   751  0024  1F94               	btfss	20,7	;volatile
   752  0025  2827               	goto	u5_21
   753  0026  2828               	goto	u5_20
   754  0027                     u5_21:	
   755  0027  282F               	goto	i1l777
   756  0028                     u5_20:	
   757  0028                     i1l769:	
   758                           
   759                           ;slave1.c: 50:             z = SSPBUF;
   760  0028  0813               	movf	19,w	;volatile
   761  0029  00F6               	movwf	??_isr
   762  002A  0876               	movf	??_isr,w
   763  002B  00F5               	movwf	_z
   764  002C                     i1l771:	
   765                           
   766                           ;slave1.c: 51:             SSPCONbits.SSPOV = 0;
   767  002C  1314               	bcf	20,6	;volatile
   768  002D                     i1l773:	
   769                           
   770                           ;slave1.c: 52:             SSPCONbits.WCOL = 0;
   771  002D  1394               	bcf	20,7	;volatile
   772  002E                     i1l775:	
   773                           
   774                           ;slave1.c: 53:             SSPCONbits.CKP = 1;
   775  002E  1614               	bsf	20,4	;volatile
   776  002F                     i1l777:	
   777                           
   778                           ;slave1.c: 56:         if(!SSPSTATbits.D_nA && !SSPSTATbits.R_nW) {
   779  002F  1683               	bsf	3,5	;RP0=1, select bank1
   780  0030  1303               	bcf	3,6	;RP1=0, select bank1
   781  0031  1A94               	btfsc	20,5	;volatile
   782  0032  2834               	goto	u6_21
   783  0033  2835               	goto	u6_20
   784  0034                     u6_21:	
   785  0034  2851               	goto	i1l59
   786  0035                     u6_20:	
   787  0035                     i1l779:	
   788  0035  1914               	btfsc	20,2	;volatile
   789  0036  2838               	goto	u7_21
   790  0037  2839               	goto	u7_20
   791  0038                     u7_21:	
   792  0038  2851               	goto	i1l59
   793  0039                     u7_20:	
   794  0039                     i1l781:	
   795                           
   796                           ;slave1.c: 58:             z = SSPBUF;
   797  0039  1283               	bcf	3,5	;RP0=0, select bank0
   798  003A  1303               	bcf	3,6	;RP1=0, select bank0
   799  003B  0813               	movf	19,w	;volatile
   800  003C  00F6               	movwf	??_isr
   801  003D  0876               	movf	??_isr,w
   802  003E  00F5               	movwf	_z
   803  003F                     i1l783:	
   804                           
   805                           ;slave1.c: 60:             PIR1bits.SSPIF = 0;
   806  003F  118C               	bcf	12,3	;volatile
   807  0040                     i1l785:	
   808                           
   809                           ;slave1.c: 61:             SSPCONbits.CKP = 1;
   810  0040  1614               	bsf	20,4	;volatile
   811  0041                     i1l60:	
   812                           ;slave1.c: 62:             while(!SSPSTATbits.BF);
   813                           
   814  0041  1683               	bsf	3,5	;RP0=1, select bank1
   815  0042  1303               	bcf	3,6	;RP1=0, select bank1
   816  0043  1C14               	btfss	20,0	;volatile
   817  0044  2846               	goto	u8_21
   818  0045  2847               	goto	u8_20
   819  0046                     u8_21:	
   820  0046  2841               	goto	i1l60
   821  0047                     u8_20:	
   822  0047                     i1l787:	
   823                           
   824                           ;slave1.c: 63:             PORTD = SSPBUF;
   825  0047  1283               	bcf	3,5	;RP0=0, select bank0
   826  0048  1303               	bcf	3,6	;RP1=0, select bank0
   827  0049  0813               	movf	19,w	;volatile
   828  004A  0088               	movwf	8	;volatile
   829                           
   830                           ;slave1.c: 64:             _delay((unsigned long)((250)*(8000000/4000000.0)));
   831  004B  30A6               	movlw	166
   832  004C  00F6               	movwf	??_isr
   833  004D                     u16_27:	
   834  004D  0BF6               	decfsz	??_isr,f
   835  004E  284D               	goto	u16_27
   836  004F  0000               	nop
   837                           
   838                           ;slave1.c: 66:         }else if(!SSPSTATbits.D_nA && SSPSTATbits.R_nW){
   839  0050  2872               	goto	i1l63
   840  0051                     i1l59:	
   841  0051  1A94               	btfsc	20,5	;volatile
   842  0052  2854               	goto	u9_21
   843  0053  2855               	goto	u9_20
   844  0054                     u9_21:	
   845  0054  2872               	goto	i1l63
   846  0055                     u9_20:	
   847  0055                     i1l789:	
   848  0055  1D14               	btfss	20,2	;volatile
   849  0056  2858               	goto	u10_21
   850  0057  2859               	goto	u10_20
   851  0058                     u10_21:	
   852  0058  2872               	goto	i1l63
   853  0059                     u10_20:	
   854  0059                     i1l791:	
   855                           
   856                           ;slave1.c: 67:             z = SSPBUF;
   857  0059  1283               	bcf	3,5	;RP0=0, select bank0
   858  005A  1303               	bcf	3,6	;RP1=0, select bank0
   859  005B  0813               	movf	19,w	;volatile
   860  005C  00F6               	movwf	??_isr
   861  005D  0876               	movf	??_isr,w
   862  005E  00F5               	movwf	_z
   863  005F                     i1l793:	
   864                           
   865                           ;slave1.c: 68:             BF = 0;
   866  005F  1683               	bsf	3,5	;RP0=1, select bank1
   867  0060  1303               	bcf	3,6	;RP1=0, select bank1
   868  0061  1014               	bcf	20,0	;volatile
   869                           
   870                           ;slave1.c: 69:             SSPBUF = PORTB;
   871  0062  1283               	bcf	3,5	;RP0=0, select bank0
   872  0063  1303               	bcf	3,6	;RP1=0, select bank0
   873  0064  0806               	movf	6,w	;volatile
   874  0065  0093               	movwf	19	;volatile
   875  0066                     i1l795:	
   876                           
   877                           ;slave1.c: 70:             SSPCONbits.CKP = 1;
   878  0066  1614               	bsf	20,4	;volatile
   879                           
   880                           ;slave1.c: 71:             _delay((unsigned long)((250)*(8000000/4000000.0)));
   881  0067  30A6               	movlw	166
   882  0068  00F6               	movwf	??_isr
   883  0069                     u17_27:	
   884  0069  0BF6               	decfsz	??_isr,f
   885  006A  2869               	goto	u17_27
   886  006B  0000               	nop
   887  006C                     i1l65:	
   888                           ;slave1.c: 72:             while(SSPSTATbits.BF);
   889                           
   890  006C  1683               	bsf	3,5	;RP0=1, select bank1
   891  006D  1303               	bcf	3,6	;RP1=0, select bank1
   892  006E  1814               	btfsc	20,0	;volatile
   893  006F  2871               	goto	u11_21
   894  0070  2872               	goto	u11_20
   895  0071                     u11_21:	
   896  0071  286C               	goto	i1l65
   897  0072                     u11_20:	
   898  0072                     i1l63:	
   899                           
   900                           ;slave1.c: 76:         PIR1bits.SSPIF = 0;
   901  0072  1283               	bcf	3,5	;RP0=0, select bank0
   902  0073  1303               	bcf	3,6	;RP1=0, select bank0
   903  0074  118C               	bcf	12,3	;volatile
   904  0075                     i1l68:	
   905  0075  0878               	movf	??_isr+2,w
   906  0076  008A               	movwf	10
   907  0077  0E77               	swapf	(??_isr+1)^(0+4294967168),w
   908  0078  0083               	movwf	3
   909  0079  0EFE               	swapf	btemp,f
   910  007A  0E7E               	swapf	btemp,w
   911  007B  0009               	retfie
   912  007C                     __end_of_isr:	
   913  007E                     btemp	set	126	;btemp
   914  007E                     wtemp0	set	126
   915                           
   916                           	psect	intentry
   917  0004                     __pintentry:	
   918                           ;incstack = 0
   919                           ; Regs used in _isr: [wreg]
   920                           
   921  0004                     interrupt_function:	
   922  007E                     saved_w	set	btemp
   923  0004  00FE               	movwf	btemp
   924  0005  0E03               	swapf	3,w
   925  0006  00F7               	movwf	??_isr+1
   926  0007  080A               	movf	10,w
   927  0008  00F8               	movwf	??_isr+2
   928  0009  120A  118A  2819   	ljmp	_isr


Data Sizes:
    Strings     0
    Constant    0
    Data        0
    BSS         6
    Persistent  0
    Stack       0

Auto Spaces:
    Space          Size  Autos    Used
    COMMON           14      6      12
    BANK0            80      0       0
    BANK1            80      0       0
    BANK3            96      0       0
    BANK2            96      0       0

Pointer List with Targets:

    None.

Critical Paths under _main in COMMON

    _setup->_I2C_Slave_Init

Critical Paths under _isr in COMMON

    None.

Critical Paths under _main in BANK0

    None.

Critical Paths under _isr in BANK0

    None.

Critical Paths under _main in BANK1

    None.

Critical Paths under _isr in BANK1

    None.

Critical Paths under _main in BANK3

    None.

Critical Paths under _isr in BANK3

    None.

Critical Paths under _main in BANK2

    None.

Critical Paths under _isr in BANK2

    None.

Call Graph Tables:

 ---------------------------------------------------------------------------------
 (Depth) Function   	        Calls       Base Space   Used Autos Params    Refs
 ---------------------------------------------------------------------------------
 (0) _main                                                 2     2      0      15
                                              4 COMMON     2     2      0
                              _setup
 ---------------------------------------------------------------------------------
 (1) _setup                                                0     0      0      15
                     _I2C_Slave_Init
 ---------------------------------------------------------------------------------
 (2) _I2C_Slave_Init                                       1     1      0      15
                                              3 COMMON     1     1      0
 ---------------------------------------------------------------------------------
 Estimated maximum stack depth 2
 ---------------------------------------------------------------------------------
 (Depth) Function   	        Calls       Base Space   Used Autos Params    Refs
 ---------------------------------------------------------------------------------
 (3) _isr                                                  3     3      0       0
                                              0 COMMON     3     3      0
 ---------------------------------------------------------------------------------
 Estimated maximum stack depth 3
 ---------------------------------------------------------------------------------

 Call Graph Graphs:

 _main (ROOT)
   _setup
     _I2C_Slave_Init

 _isr (ROOT)

 Address spaces:
Name               Size   Autos  Total    Cost      Usage
BITCOMMON            E      0       0       0        0.0%
EEDATA             100      0       0       0        0.0%
NULL                 0      0       0       0        0.0%
CODE                 0      0       0       0        0.0%
COMMON               E      6       C       1       85.7%
BITSFR0              0      0       0       1        0.0%
SFR0                 0      0       0       1        0.0%
BITSFR1              0      0       0       2        0.0%
SFR1                 0      0       0       2        0.0%
STACK                0      0       0       2        0.0%
ABS                  0      0       C       3        0.0%
BITBANK0            50      0       0       4        0.0%
BITSFR3              0      0       0       4        0.0%
SFR3                 0      0       0       4        0.0%
BANK0               50      0       0       5        0.0%
BITSFR2              0      0       0       5        0.0%
SFR2                 0      0       0       5        0.0%
BITBANK1            50      0       0       6        0.0%
BANK1               50      0       0       7        0.0%
BITBANK3            60      0       0       8        0.0%
BANK3               60      0       0       9        0.0%
BITBANK2            60      0       0      10        0.0%
BANK2               60      0       0      11        0.0%
DATA                 0      0       C      12        0.0%


Microchip Technology PIC Macro Assembler V2.10 build 88905656 
Symbol Table                                                                                   Sun Feb 23 23:43:55 2020

                       _z 0075               __CFG_CP$OFF 0000               _SSPSTATbits 0094  
                      _BF 04A0                        l82 00C1                        l77 00A4  
                     l137 00DB                       l801 0084                       l731 00D1  
                     l811 008D                       l803 0085                       l741 00D8  
                     l733 00D2                       l813 008F                       l805 0088  
                     l735 00D3                       l751 00B2                       l743 00A7  
                     l815 0098                       l807 0089                       l737 00D4  
                     l729 00C3                       l753 00B5                       l745 00AF  
                     l817 009C                       l809 008A                       l739 00D5  
                     l755 00B6                       l747 00B0                       l819 00A0  
                     l757 00BB                       l749 00B1                       l797 007C  
                     l799 0081                       _GIE 005F                       u120 00A4  
                     u121 00A3                       u157 0093              __CFG_CPD$OFF 0000  
                     _isr 0019              __CFG_LVP$OFF 0000                      ?_isr 0076  
                    _PEIE 005E                      i1l60 0041                      i1l63 0072  
                    i1l65 006C                      i1l59 0051                      i1l68 0075  
                    u3_20 001F                      u3_21 001E                      u4_20 0024  
                    u4_21 0023                      u5_20 0028                      u5_21 0027  
                    u6_20 0035                      u6_21 0034                      u7_20 0039  
                    u7_21 0038                      u8_20 0047                      u8_21 0046  
                    u9_20 0055                      u9_21 0054              __CFG_WRT$OFF 0000  
                    _dato 0074                      _coso 0073                      _main 007C  
                    btemp 007E                      start 000C             __CFG_IESO$OFF 0000  
                   ??_isr 0076                     ?_main 0076             __CFG_WDTE$OFF 0000  
                   _ANSEL 0188                     i1l771 002C                     i1l763 0019  
                   i1l781 0039                     i1l773 002D                     i1l765 001F  
                   i1l791 0059                     i1l783 003F                     i1l775 002E  
                   i1l767 0024                     i1l793 005F                     i1l785 0040  
                   i1l777 002F                     i1l769 0028                     i1l795 0066  
                   i1l787 0047                     i1l779 0035                     i1l789 0055  
                   u10_20 0059                     u10_21 0058                     u11_20 0072  
                   u11_21 0071                     u16_27 004D                     u17_27 0069  
                   _PORTB 0006                     _PORTD 0008                     _TRISB 0086  
                   _TRISD 0088                     _SSPIE 0463                     _SSPIF 0063  
          __CFG_FCMEN$OFF 0000                     _coso2 0072                     _valor 0070  
                   _setup 00A7            __CFG_BOREN$OFF 0000                     pclath 000A  
                   status 0003                     wtemp0 007E            __CFG_MCLRE$OFF 0000  
         __initialization 000F              __end_of_main 00A7                    ??_main 007A  
                  _ADRESH 001E                    ?_setup 0076                    _ANSELH 0189  
                  _SSPADD 0093                    _TRISC3 043B                    _TRISC4 043C  
                  _SSPBUF 0013                    _SSPCON 0014            __CFG_PWRTE$OFF 0000  
                  _valor2 0071                    saved_w 007E   __end_of__initialization 0015  
          __pcstackCOMMON 0076   __size_of_I2C_Slave_Init 001A             __end_of_setup 00C2  
                 ??_setup 007A     I2C_Slave_Init@address 0079                __pmaintext 007C  
              __pintentry 0004                   _SSPCON2 0091                   _SSPSTAT 0094  
               _ANSELbits 0188                   __ptext1 00A7                   __ptext2 00C2  
                 __ptext3 0019              __size_of_isr 0063      end_of_initialization 0015  
          _I2C_Slave_Init 00C2                 _TRISAbits 0085                 _TRISCbits 0087  
  __end_of_I2C_Slave_Init 00DC       start_initialization 000F               __end_of_isr 007C  
         ?_I2C_Slave_Init 0076               __pbssCOMMON 0070                 ___latbits 0002  
          __size_of_setup 001B         interrupt_function 0004  __CFG_FOSC$EXTRC_NOCLKOUT 0000  
                _PIR1bits 000C                _ADCON0bits 001F                _ADCON1bits 009F  
       __CFG_BOR4V$BOR40V 0000          ??_I2C_Slave_Init 0079             __size_of_main 002B  
                intlevel1 0000               _SSPCON2bits 0091                _SSPCONbits 0014  
