

Microchip MPLAB XC8 Assembler V2.10 build 88905656 
                                                                                               Mon May 11 22:15:16 2020

Microchip MPLAB XC8 C Compiler v2.10 (Free license) build 20190730164152 Og1 
     1                           	processor	16F887
     2                           	opt	pw 120
     3                           	opt	flic
     4                           	psect	cinit,global,class=CODE,merge=1,delta=2
     5                           	psect	bssCOMMON,global,class=COMMON,space=1,delta=1
     6                           	psect	cstackCOMMON,global,class=COMMON,space=1,delta=1
     7                           	psect	maintext,global,class=CODE,split=1,delta=2
     8                           	psect	text1,local,class=CODE,merge=1,delta=2
     9                           	psect	text2,local,class=CODE,merge=1,delta=2
    10                           	psect	text3,local,class=CODE,merge=1,delta=2
    11                           	psect	text4,local,class=CODE,merge=1,delta=2
    12                           	psect	text5,local,class=CODE,merge=1,delta=2
    13                           	psect	text6,local,class=CODE,merge=1,delta=2
    14                           	psect	intentry,global,class=CODE,delta=2
    15                           	dabs	1,0x7E,2
    16  0000                     
    17                           ; Version 2.10
    18                           ; Generated 31/07/2019 GMT
    19                           ; 
    20                           ; Copyright © 2019, Microchip Technology Inc. and its subsidiaries ("Microchip")
    21                           ; All rights reserved.
    22                           ; 
    23                           ; This software is developed by Microchip Technology Inc. and its subsidiaries ("Microch
      +                          ip").
    24                           ; 
    25                           ; Redistribution and use in source and binary forms, with or without modification, are
    26                           ; permitted provided that the following conditions are met:
    27                           ; 
    28                           ;     1. Redistributions of source code must retain the above copyright notice, this lis
      +                          t of
    29                           ;        conditions and the following disclaimer.
    30                           ; 
    31                           ;     2. Redistributions in binary form must reproduce the above copyright notice, this 
      +                          list
    32                           ;        of conditions and the following disclaimer in the documentation and/or other
    33                           ;        materials provided with the distribution.
    34                           ; 
    35                           ;     3. Microchip's name may not be used to endorse or promote products derived from th
      +                          is
    36                           ;        software without specific prior written permission.
    37                           ; 
    38                           ; THIS SOFTWARE IS PROVIDED BY MICROCHIP "AS IS" AND ANY EXPRESS OR IMPLIED WARRANTIES,
    39                           ; INCLUDING, BUT NOT LIMITED TO, THE IMPLIED WARRANTIES OF MERCHANTABILITY AND FITNESS F
      +                          OR
    40                           ; PURPOSE ARE DISCLAIMED.  IN NO EVENT SHALL MICROCHIP BE LIABLE FOR ANY DIRECT, INDIREC
      +                          T,
    41                           ; INCIDENTAL, SPECIAL, EXEMPLARY, OR CONSEQUENTIAL DAMAGES (INCLUDING BUT NOT LIMITED TO
    42                           ; PROCUREMENT OF SUBSTITUTE GOODS OR SERVICES; LOSS OF USE, DATA OR PROFITS; OR BUSINESS
    43                           ; INTERRUPTION) HOWSOEVER CAUSED AND ON ANY THEORY OF LIABILITY, WHETHER IN CONTRACT, ST
      +                          RICT
    44                           ; LIABILITY, OR TORT (INCLUDING NEGLIGENCE OR OTHERWISE) ARISING IN ANY WAY OUT OF THE U
      +                          SE OF
    45                           ; THIS SOFTWARE, EVEN IF ADVISED OF THE POSSIBILITY OF SUCH DAMAGE.
    46                           ; 
    47                           ; 
    48                           ; Code-generator required, PIC16F887 Definitions
    49                           ; 
    50                           ; SFR Addresses
    51  0000                     	;# 
    52  0001                     	;# 
    53  0002                     	;# 
    54  0003                     	;# 
    55  0004                     	;# 
    56  0005                     	;# 
    57  0006                     	;# 
    58  0007                     	;# 
    59  0008                     	;# 
    60  0009                     	;# 
    61  000A                     	;# 
    62  000B                     	;# 
    63  000C                     	;# 
    64  000D                     	;# 
    65  000E                     	;# 
    66  000E                     	;# 
    67  000F                     	;# 
    68  0010                     	;# 
    69  0011                     	;# 
    70  0012                     	;# 
    71  0013                     	;# 
    72  0014                     	;# 
    73  0015                     	;# 
    74  0015                     	;# 
    75  0016                     	;# 
    76  0017                     	;# 
    77  0018                     	;# 
    78  0019                     	;# 
    79  001A                     	;# 
    80  001B                     	;# 
    81  001B                     	;# 
    82  001C                     	;# 
    83  001D                     	;# 
    84  001E                     	;# 
    85  001F                     	;# 
    86  0081                     	;# 
    87  0085                     	;# 
    88  0086                     	;# 
    89  0087                     	;# 
    90  0088                     	;# 
    91  0089                     	;# 
    92  008C                     	;# 
    93  008D                     	;# 
    94  008E                     	;# 
    95  008F                     	;# 
    96  0090                     	;# 
    97  0091                     	;# 
    98  0092                     	;# 
    99  0093                     	;# 
   100  0093                     	;# 
   101  0093                     	;# 
   102  0094                     	;# 
   103  0095                     	;# 
   104  0096                     	;# 
   105  0097                     	;# 
   106  0098                     	;# 
   107  0099                     	;# 
   108  009A                     	;# 
   109  009B                     	;# 
   110  009C                     	;# 
   111  009D                     	;# 
   112  009E                     	;# 
   113  009F                     	;# 
   114  0105                     	;# 
   115  0107                     	;# 
   116  0108                     	;# 
   117  0109                     	;# 
   118  010C                     	;# 
   119  010C                     	;# 
   120  010D                     	;# 
   121  010E                     	;# 
   122  010F                     	;# 
   123  0185                     	;# 
   124  0187                     	;# 
   125  0188                     	;# 
   126  0189                     	;# 
   127  018C                     	;# 
   128  018D                     	;# 
   129  0000                     	;# 
   130  0001                     	;# 
   131  0002                     	;# 
   132  0003                     	;# 
   133  0004                     	;# 
   134  0005                     	;# 
   135  0006                     	;# 
   136  0007                     	;# 
   137  0008                     	;# 
   138  0009                     	;# 
   139  000A                     	;# 
   140  000B                     	;# 
   141  000C                     	;# 
   142  000D                     	;# 
   143  000E                     	;# 
   144  000E                     	;# 
   145  000F                     	;# 
   146  0010                     	;# 
   147  0011                     	;# 
   148  0012                     	;# 
   149  0013                     	;# 
   150  0014                     	;# 
   151  0015                     	;# 
   152  0015                     	;# 
   153  0016                     	;# 
   154  0017                     	;# 
   155  0018                     	;# 
   156  0019                     	;# 
   157  001A                     	;# 
   158  001B                     	;# 
   159  001B                     	;# 
   160  001C                     	;# 
   161  001D                     	;# 
   162  001E                     	;# 
   163  001F                     	;# 
   164  0081                     	;# 
   165  0085                     	;# 
   166  0086                     	;# 
   167  0087                     	;# 
   168  0088                     	;# 
   169  0089                     	;# 
   170  008C                     	;# 
   171  008D                     	;# 
   172  008E                     	;# 
   173  008F                     	;# 
   174  0090                     	;# 
   175  0091                     	;# 
   176  0092                     	;# 
   177  0093                     	;# 
   178  0093                     	;# 
   179  0093                     	;# 
   180  0094                     	;# 
   181  0095                     	;# 
   182  0096                     	;# 
   183  0097                     	;# 
   184  0098                     	;# 
   185  0099                     	;# 
   186  009A                     	;# 
   187  009B                     	;# 
   188  009C                     	;# 
   189  009D                     	;# 
   190  009E                     	;# 
   191  009F                     	;# 
   192  0105                     	;# 
   193  0107                     	;# 
   194  0108                     	;# 
   195  0109                     	;# 
   196  010C                     	;# 
   197  010C                     	;# 
   198  010D                     	;# 
   199  010E                     	;# 
   200  010F                     	;# 
   201  0185                     	;# 
   202  0187                     	;# 
   203  0188                     	;# 
   204  0189                     	;# 
   205  018C                     	;# 
   206  018D                     	;# 
   207  0000                     	;# 
   208  0001                     	;# 
   209  0002                     	;# 
   210  0003                     	;# 
   211  0004                     	;# 
   212  0005                     	;# 
   213  0006                     	;# 
   214  0007                     	;# 
   215  0008                     	;# 
   216  0009                     	;# 
   217  000A                     	;# 
   218  000B                     	;# 
   219  000C                     	;# 
   220  000D                     	;# 
   221  000E                     	;# 
   222  000E                     	;# 
   223  000F                     	;# 
   224  0010                     	;# 
   225  0011                     	;# 
   226  0012                     	;# 
   227  0013                     	;# 
   228  0014                     	;# 
   229  0015                     	;# 
   230  0015                     	;# 
   231  0016                     	;# 
   232  0017                     	;# 
   233  0018                     	;# 
   234  0019                     	;# 
   235  001A                     	;# 
   236  001B                     	;# 
   237  001B                     	;# 
   238  001C                     	;# 
   239  001D                     	;# 
   240  001E                     	;# 
   241  001F                     	;# 
   242  0081                     	;# 
   243  0085                     	;# 
   244  0086                     	;# 
   245  0087                     	;# 
   246  0088                     	;# 
   247  0089                     	;# 
   248  008C                     	;# 
   249  008D                     	;# 
   250  008E                     	;# 
   251  008F                     	;# 
   252  0090                     	;# 
   253  0091                     	;# 
   254  0092                     	;# 
   255  0093                     	;# 
   256  0093                     	;# 
   257  0093                     	;# 
   258  0094                     	;# 
   259  0095                     	;# 
   260  0096                     	;# 
   261  0097                     	;# 
   262  0098                     	;# 
   263  0099                     	;# 
   264  009A                     	;# 
   265  009B                     	;# 
   266  009C                     	;# 
   267  009D                     	;# 
   268  009E                     	;# 
   269  009F                     	;# 
   270  0105                     	;# 
   271  0107                     	;# 
   272  0108                     	;# 
   273  0109                     	;# 
   274  010C                     	;# 
   275  010C                     	;# 
   276  010D                     	;# 
   277  010E                     	;# 
   278  010F                     	;# 
   279  0185                     	;# 
   280  0187                     	;# 
   281  0188                     	;# 
   282  0189                     	;# 
   283  018C                     	;# 
   284  018D                     	;# 
   285  0014                     _SSPCON	set	20
   286  0006                     _PORTBbits	set	6
   287  0008                     _PORTD	set	8
   288  0013                     _SSPBUF	set	19
   289  0014                     _SSPCONbits	set	20
   290  000C                     _PIR1bits	set	12
   291  0063                     _SSPIF	set	99
   292  005E                     _PEIE	set	94
   293  005F                     _GIE	set	95
   294  0030                     _RB0	set	48
   295  0091                     _SSPCON2bits	set	145
   296  0087                     _TRISCbits	set	135
   297  0094                     _SSPSTAT	set	148
   298  0093                     _SSPADD	set	147
   299  0091                     _SSPCON2	set	145
   300  0088                     _TRISD	set	136
   301  0086                     _TRISB	set	134
   302  0094                     _SSPSTATbits	set	148
   303  0463                     _SSPIE	set	1123
   304  04A0                     _BF	set	1184
   305                           
   306                           ; #config settings
   307  0000                     
   308                           	psect	cinit
   309  000F                     start_initialization:	
   310  000F                     __initialization:	
   311                           
   312                           ; Clear objects allocated to COMMON
   313  000F  01FA               	clrf	__pbssCOMMON& (0+127)
   314  0010  01FB               	clrf	(__pbssCOMMON+1)& (0+127)
   315  0011  01FC               	clrf	(__pbssCOMMON+2)& (0+127)
   316  0012                     end_of_initialization:	
   317                           ;End of C runtime variable initialization code
   318                           
   319  0012                     __end_of__initialization:	
   320  0012  0183               	clrf	3
   321  0013  120A  118A  287B   	ljmp	_main	;jump to C main() function
   322                           
   323                           	psect	bssCOMMON
   324  007A                     __pbssCOMMON:	
   325  007A                     _a:	
   326  007A                     	ds	1
   327  007B                     _dato:	
   328  007B                     	ds	1
   329  007C                     _z:	
   330  007C                     	ds	1
   331                           
   332                           	psect	cstackCOMMON
   333  0070                     __pcstackCOMMON:	
   334  0070                     ?_setup:	
   335  0070                     ?_I2C_Slave_Init:	
   336                           ; 1 bytes @ 0x0
   337                           
   338  0070                     ?_isr:	
   339                           ; 1 bytes @ 0x0
   340                           
   341  0070                     ??_isr:	
   342                           ; 1 bytes @ 0x0
   343                           
   344  0070                     ?_servoRotate0:	
   345                           ; 1 bytes @ 0x0
   346                           
   347  0070                     ?_servoRotate90:	
   348                           ; 1 bytes @ 0x0
   349                           
   350  0070                     ?_servoRotate180:	
   351                           ; 1 bytes @ 0x0
   352                           
   353  0070                     ?_main:	
   354                           ; 1 bytes @ 0x0
   355                           
   356                           
   357                           ; 1 bytes @ 0x0
   358  0070                     	ds	3
   359  0073                     ??_I2C_Slave_Init:	
   360  0073                     ??_servoRotate0:	
   361                           ; 1 bytes @ 0x3
   362                           
   363  0073                     ??_servoRotate90:	
   364                           ; 1 bytes @ 0x3
   365                           
   366  0073                     ??_servoRotate180:	
   367                           ; 1 bytes @ 0x3
   368                           
   369  0073                     I2C_Slave_Init@address:	
   370                           ; 1 bytes @ 0x3
   371                           
   372                           
   373                           ; 1 bytes @ 0x3
   374  0073                     	ds	1
   375  0074                     ??_setup:	
   376                           
   377                           ; 1 bytes @ 0x4
   378  0074                     	ds	1
   379  0075                     servoRotate0@i:	
   380  0075                     servoRotate90@i:	
   381                           ; 2 bytes @ 0x5
   382                           
   383  0075                     servoRotate180@i:	
   384                           ; 2 bytes @ 0x5
   385                           
   386                           
   387                           ; 2 bytes @ 0x5
   388  0075                     	ds	2
   389  0077                     ??_main:	
   390                           
   391                           ; 1 bytes @ 0x7
   392  0077                     	ds	3
   393                           
   394                           	psect	maintext
   395  007B                     __pmaintext:	
   396 ;;
   397 ;;Main: autosize = 0, tempsize = 3, incstack = 0, save=0
   398 ;;
   399 ;; *************** function _main *****************
   400 ;; Defined at:
   401 ;;		line 98 in file "lab5Sm1.c"
   402 ;; Parameters:    Size  Location     Type
   403 ;;		None
   404 ;; Auto vars:     Size  Location     Type
   405 ;;		None
   406 ;; Return value:  Size  Location     Type
   407 ;;                  1    wreg      void 
   408 ;; Registers used:
   409 ;;		wreg, status,2, status,0, pclath, cstack
   410 ;; Tracked objects:
   411 ;;		On entry : B00/0
   412 ;;		On exit  : 0/0
   413 ;;		Unchanged: 0/0
   414 ;; Data sizes:     COMMON   BANK0   BANK1   BANK3   BANK2
   415 ;;      Params:         0       0       0       0       0
   416 ;;      Locals:         0       0       0       0       0
   417 ;;      Temps:          3       0       0       0       0
   418 ;;      Totals:         3       0       0       0       0
   419 ;;Total ram usage:        3 bytes
   420 ;; Hardware stack levels required when called:    3
   421 ;; This function calls:
   422 ;;		_servoRotate0
   423 ;;		_servoRotate180
   424 ;;		_servoRotate90
   425 ;;		_setup
   426 ;; This function is called by:
   427 ;;		Startup code after reset
   428 ;; This function uses a non-reentrant model
   429 ;;
   430                           
   431                           
   432                           ;psect for function _main
   433  007B                     _main:	
   434  007B                     l807:	
   435                           ;incstack = 0
   436                           ; Regs used in _main: [wreg+status,2+status,0+pclath+cstack]
   437                           
   438                           
   439                           ;lab5Sm1.c: 100:     setup();
   440  007B  120A  118A  2148  120A  118A  	fcall	_setup
   441  0080                     l809:	
   442                           
   443                           ;lab5Sm1.c: 101:   TRISB = 0;
   444  0080  1683               	bsf	3,5	;RP0=1, select bank1
   445  0081  1303               	bcf	3,6	;RP1=0, select bank1
   446  0082  0186               	clrf	6	;volatile
   447  0083                     l811:	
   448                           
   449                           ;lab5Sm1.c: 104:       {;lab5Sm1.c: 105:     servoRotate0();
   450  0083  120A  118A  2105  120A  118A  	fcall	_servoRotate0
   451  0088                     l813:	
   452                           
   453                           ;lab5Sm1.c: 106:     _delay((unsigned long)((2000)*(8000000/4000.0)));
   454  0088  3015               	movlw	21
   455  0089  00F9               	movwf	??_main+2
   456  008A  304B               	movlw	75
   457  008B  00F8               	movwf	??_main+1
   458  008C  30BE               	movlw	190
   459  008D  00F7               	movwf	??_main
   460  008E                     u177:	
   461  008E  0BF7               	decfsz	??_main,f
   462  008F  288E               	goto	u177
   463  0090  0BF8               	decfsz	??_main+1,f
   464  0091  288E               	goto	u177
   465  0092  0BF9               	decfsz	??_main+2,f
   466  0093  288E               	goto	u177
   467  0094  0000               	nop
   468  0095                     l815:	
   469                           
   470                           ;lab5Sm1.c: 107:     servoRotate90();
   471  0095  120A  118A  20B1  120A  118A  	fcall	_servoRotate90
   472  009A                     l817:	
   473                           
   474                           ;lab5Sm1.c: 108:     _delay((unsigned long)((2000)*(8000000/4000.0)));
   475  009A  3015               	movlw	21
   476  009B  00F9               	movwf	??_main+2
   477  009C  304B               	movlw	75
   478  009D  00F8               	movwf	??_main+1
   479  009E  30BE               	movlw	190
   480  009F  00F7               	movwf	??_main
   481  00A0                     u187:	
   482  00A0  0BF7               	decfsz	??_main,f
   483  00A1  28A0               	goto	u187
   484  00A2  0BF8               	decfsz	??_main+1,f
   485  00A3  28A0               	goto	u187
   486  00A4  0BF9               	decfsz	??_main+2,f
   487  00A5  28A0               	goto	u187
   488  00A6  0000               	nop
   489  00A7                     l819:	
   490                           
   491                           ;lab5Sm1.c: 109:     servoRotate180();
   492  00A7  120A  118A  20DB  120A  118A  	fcall	_servoRotate180
   493                           
   494                           ;lab5Sm1.c: 111:      };lab5Sm1.c: 112:      a=0;
   495  00AC  01FA               	clrf	_a
   496  00AD  2883               	goto	l811
   497  00AE  120A  118A  280C   	ljmp	start
   498  00B1                     __end_of_main:	
   499                           
   500                           	psect	text1
   501  0148                     __ptext1:	
   502 ;; *************** function _setup *****************
   503 ;; Defined at:
   504 ;;		line 116 in file "lab5Sm1.c"
   505 ;; Parameters:    Size  Location     Type
   506 ;;		None
   507 ;; Auto vars:     Size  Location     Type
   508 ;;		None
   509 ;; Return value:  Size  Location     Type
   510 ;;                  1    wreg      void 
   511 ;; Registers used:
   512 ;;		wreg, status,2, status,0, pclath, cstack
   513 ;; Tracked objects:
   514 ;;		On entry : 0/0
   515 ;;		On exit  : 0/0
   516 ;;		Unchanged: 0/0
   517 ;; Data sizes:     COMMON   BANK0   BANK1   BANK3   BANK2
   518 ;;      Params:         0       0       0       0       0
   519 ;;      Locals:         0       0       0       0       0
   520 ;;      Temps:          0       0       0       0       0
   521 ;;      Totals:         0       0       0       0       0
   522 ;;Total ram usage:        0 bytes
   523 ;; Hardware stack levels used:    1
   524 ;; Hardware stack levels required when called:    2
   525 ;; This function calls:
   526 ;;		_I2C_Slave_Init
   527 ;; This function is called by:
   528 ;;		_main
   529 ;; This function uses a non-reentrant model
   530 ;;
   531                           
   532                           
   533                           ;psect for function _setup
   534  0148                     _setup:	
   535  0148                     l763:	
   536                           ;incstack = 0
   537                           ; Regs used in _setup: [wreg+status,2+status,0+pclath+cstack]
   538                           
   539                           
   540                           ;lab5Sm1.c: 119:     TRISD = 0;
   541  0148  1683               	bsf	3,5	;RP0=1, select bank1
   542  0149  1303               	bcf	3,6	;RP1=0, select bank1
   543  014A  0188               	clrf	8	;volatile
   544                           
   545                           ;lab5Sm1.c: 122:     PORTD = 0;
   546  014B  1283               	bcf	3,5	;RP0=0, select bank0
   547  014C  1303               	bcf	3,6	;RP1=0, select bank0
   548  014D  0188               	clrf	8	;volatile
   549  014E                     l765:	
   550                           
   551                           ;lab5Sm1.c: 123:     PORTBbits.RB1=1;
   552  014E  1486               	bsf	6,1	;volatile
   553  014F                     l767:	
   554                           
   555                           ;lab5Sm1.c: 124:     I2C_Slave_Init(0x40);
   556  014F  3040               	movlw	64
   557  0150  120A  118A  212E  120A  118A  	fcall	_I2C_Slave_Init
   558  0155                     l76:	
   559  0155  0008               	return
   560  0156                     __end_of_setup:	
   561                           
   562                           	psect	text2
   563  012E                     __ptext2:	
   564 ;; *************** function _I2C_Slave_Init *****************
   565 ;; Defined at:
   566 ;;		line 93 in file "I2C.c"
   567 ;; Parameters:    Size  Location     Type
   568 ;;  address         1    wreg     unsigned char 
   569 ;; Auto vars:     Size  Location     Type
   570 ;;  address         1    3[COMMON] unsigned char 
   571 ;; Return value:  Size  Location     Type
   572 ;;                  1    wreg      void 
   573 ;; Registers used:
   574 ;;		wreg
   575 ;; Tracked objects:
   576 ;;		On entry : 0/0
   577 ;;		On exit  : 0/0
   578 ;;		Unchanged: 0/0
   579 ;; Data sizes:     COMMON   BANK0   BANK1   BANK3   BANK2
   580 ;;      Params:         0       0       0       0       0
   581 ;;      Locals:         1       0       0       0       0
   582 ;;      Temps:          0       0       0       0       0
   583 ;;      Totals:         1       0       0       0       0
   584 ;;Total ram usage:        1 bytes
   585 ;; Hardware stack levels used:    1
   586 ;; Hardware stack levels required when called:    1
   587 ;; This function calls:
   588 ;;		Nothing
   589 ;; This function is called by:
   590 ;;		_setup
   591 ;; This function uses a non-reentrant model
   592 ;;
   593                           
   594                           
   595                           ;psect for function _I2C_Slave_Init
   596  012E                     _I2C_Slave_Init:	
   597                           
   598                           ;incstack = 0
   599                           ; Regs used in _I2C_Slave_Init: [wreg]
   600                           ;I2C_Slave_Init@address stored from wreg
   601  012E  00F3               	movwf	I2C_Slave_Init@address
   602  012F                     l719:	
   603                           
   604                           ;I2C.c: 95:     SSPADD = address;
   605  012F  0873               	movf	I2C_Slave_Init@address,w
   606  0130  1683               	bsf	3,5	;RP0=1, select bank1
   607  0131  1303               	bcf	3,6	;RP1=0, select bank1
   608  0132  0093               	movwf	19	;volatile
   609                           
   610                           ;I2C.c: 96:     SSPCON = 0x36;
   611  0133  3036               	movlw	54
   612  0134  1283               	bcf	3,5	;RP0=0, select bank0
   613  0135  1303               	bcf	3,6	;RP1=0, select bank0
   614  0136  0094               	movwf	20	;volatile
   615                           
   616                           ;I2C.c: 97:     SSPSTAT = 0x80;
   617  0137  3080               	movlw	128
   618  0138  1683               	bsf	3,5	;RP0=1, select bank1
   619  0139  1303               	bcf	3,6	;RP1=0, select bank1
   620  013A  0094               	movwf	20	;volatile
   621                           
   622                           ;I2C.c: 98:     SSPCON2 = 0x01;
   623  013B  3001               	movlw	1
   624  013C  0091               	movwf	17	;volatile
   625  013D                     l721:	
   626                           
   627                           ;I2C.c: 99:     TRISCbits.TRISC4 = 1;
   628  013D  1607               	bsf	7,4	;volatile
   629  013E                     l723:	
   630                           
   631                           ;I2C.c: 100:     TRISCbits.TRISC3 = 1;
   632  013E  1587               	bsf	7,3	;volatile
   633  013F                     l725:	
   634                           
   635                           ;I2C.c: 101:     GIE = 1;
   636  013F  178B               	bsf	11,7	;volatile
   637  0140                     l727:	
   638                           
   639                           ;I2C.c: 102:     PEIE = 1;
   640  0140  170B               	bsf	11,6	;volatile
   641  0141                     l729:	
   642                           
   643                           ;I2C.c: 103:     SSPIF = 0;
   644  0141  1283               	bcf	3,5	;RP0=0, select bank0
   645  0142  1303               	bcf	3,6	;RP1=0, select bank0
   646  0143  118C               	bcf	12,3	;volatile
   647  0144                     l731:	
   648                           
   649                           ;I2C.c: 104:     SSPIE = 1;
   650  0144  1683               	bsf	3,5	;RP0=1, select bank1
   651  0145  1303               	bcf	3,6	;RP1=0, select bank1
   652  0146  158C               	bsf	12,3	;volatile
   653  0147                     l127:	
   654  0147  0008               	return
   655  0148                     __end_of_I2C_Slave_Init:	
   656                           
   657                           	psect	text3
   658  00B1                     __ptext3:	
   659 ;; *************** function _servoRotate90 *****************
   660 ;; Defined at:
   661 ;;		line 74 in file "lab5Sm1.c"
   662 ;; Parameters:    Size  Location     Type
   663 ;;		None
   664 ;; Auto vars:     Size  Location     Type
   665 ;;  i               2    5[COMMON] unsigned int 
   666 ;; Return value:  Size  Location     Type
   667 ;;                  1    wreg      void 
   668 ;; Registers used:
   669 ;;		wreg, status,2
   670 ;; Tracked objects:
   671 ;;		On entry : 0/0
   672 ;;		On exit  : 0/0
   673 ;;		Unchanged: 0/0
   674 ;; Data sizes:     COMMON   BANK0   BANK1   BANK3   BANK2
   675 ;;      Params:         0       0       0       0       0
   676 ;;      Locals:         2       0       0       0       0
   677 ;;      Temps:          2       0       0       0       0
   678 ;;      Totals:         4       0       0       0       0
   679 ;;Total ram usage:        4 bytes
   680 ;; Hardware stack levels used:    1
   681 ;; Hardware stack levels required when called:    1
   682 ;; This function calls:
   683 ;;		Nothing
   684 ;; This function is called by:
   685 ;;		_main
   686 ;; This function uses a non-reentrant model
   687 ;;
   688                           
   689                           
   690                           ;psect for function _servoRotate90
   691  00B1                     _servoRotate90:	
   692  00B1                     l743:	
   693                           ;incstack = 0
   694                           ; Regs used in _servoRotate90: [wreg+status,2]
   695                           
   696                           
   697                           ;lab5Sm1.c: 76:   unsigned int i;;lab5Sm1.c: 77:   for(i=0;i<50;i++)
   698  00B1  01F5               	clrf	servoRotate90@i
   699  00B2  01F6               	clrf	servoRotate90@i+1
   700  00B3                     l58:	
   701                           
   702                           ;lab5Sm1.c: 78:   {;lab5Sm1.c: 79:     RB0 = 1;
   703  00B3  1283               	bcf	3,5	;RP0=0, select bank0
   704  00B4  1303               	bcf	3,6	;RP1=0, select bank0
   705  00B5  1406               	bsf	6,0	;volatile
   706  00B6                     l749:	
   707                           
   708                           ;lab5Sm1.c: 80:     _delay((unsigned long)((1500)*(8000000/4000000.0)));
   709  00B6  3004               	movlw	4
   710  00B7  00F4               	movwf	??_servoRotate90+1
   711  00B8  30E4               	movlw	228
   712  00B9  00F3               	movwf	??_servoRotate90
   713  00BA                     u197:	
   714  00BA  0BF3               	decfsz	??_servoRotate90,f
   715  00BB  28BA               	goto	u197
   716  00BC  0BF4               	decfsz	??_servoRotate90+1,f
   717  00BD  28BA               	goto	u197
   718  00BE  0000               	nop
   719  00BF                     l751:	
   720                           
   721                           ;lab5Sm1.c: 81:     RB0 = 0;
   722  00BF  1283               	bcf	3,5	;RP0=0, select bank0
   723  00C0  1303               	bcf	3,6	;RP1=0, select bank0
   724  00C1  1006               	bcf	6,0	;volatile
   725                           
   726                           ;lab5Sm1.c: 82:     _delay((unsigned long)((18500)*(8000000/4000000.0)));
   727  00C2  3031               	movlw	49
   728  00C3  00F4               	movwf	??_servoRotate90+1
   729  00C4  300B               	movlw	11
   730  00C5  00F3               	movwf	??_servoRotate90
   731  00C6                     u207:	
   732  00C6  0BF3               	decfsz	??_servoRotate90,f
   733  00C7  28C6               	goto	u207
   734  00C8  0BF4               	decfsz	??_servoRotate90+1,f
   735  00C9  28C6               	goto	u207
   736  00CA  28CB               	nop2
   737                           
   738                           ;lab5Sm1.c: 83:   }
   739  00CB  3001               	movlw	1
   740  00CC  07F5               	addwf	servoRotate90@i,f
   741  00CD  1803               	skipnc
   742  00CE  0AF6               	incf	servoRotate90@i+1,f
   743  00CF  3000               	movlw	0
   744  00D0  07F6               	addwf	servoRotate90@i+1,f
   745  00D1  3000               	movlw	0
   746  00D2  0276               	subwf	servoRotate90@i+1,w
   747  00D3  3032               	movlw	50
   748  00D4  1903               	skipnz
   749  00D5  0275               	subwf	servoRotate90@i,w
   750  00D6  1C03               	skipc
   751  00D7  28D9               	goto	u21
   752  00D8  28DA               	goto	u20
   753  00D9                     u21:	
   754  00D9  28B3               	goto	l58
   755  00DA                     u20:	
   756  00DA                     l60:	
   757  00DA  0008               	return
   758  00DB                     __end_of_servoRotate90:	
   759                           
   760                           	psect	text4
   761  00DB                     __ptext4:	
   762 ;; *************** function _servoRotate180 *****************
   763 ;; Defined at:
   764 ;;		line 86 in file "lab5Sm1.c"
   765 ;; Parameters:    Size  Location     Type
   766 ;;		None
   767 ;; Auto vars:     Size  Location     Type
   768 ;;  i               2    5[COMMON] unsigned int 
   769 ;; Return value:  Size  Location     Type
   770 ;;                  1    wreg      void 
   771 ;; Registers used:
   772 ;;		wreg, status,2
   773 ;; Tracked objects:
   774 ;;		On entry : 0/0
   775 ;;		On exit  : 0/0
   776 ;;		Unchanged: 0/0
   777 ;; Data sizes:     COMMON   BANK0   BANK1   BANK3   BANK2
   778 ;;      Params:         0       0       0       0       0
   779 ;;      Locals:         2       0       0       0       0
   780 ;;      Temps:          2       0       0       0       0
   781 ;;      Totals:         4       0       0       0       0
   782 ;;Total ram usage:        4 bytes
   783 ;; Hardware stack levels used:    1
   784 ;; Hardware stack levels required when called:    1
   785 ;; This function calls:
   786 ;;		Nothing
   787 ;; This function is called by:
   788 ;;		_main
   789 ;; This function uses a non-reentrant model
   790 ;;
   791                           
   792                           
   793                           ;psect for function _servoRotate180
   794  00DB                     _servoRotate180:	
   795  00DB                     l753:	
   796                           ;incstack = 0
   797                           ; Regs used in _servoRotate180: [wreg+status,2]
   798                           
   799                           
   800                           ;lab5Sm1.c: 88:   unsigned int i;;lab5Sm1.c: 89:   for(i=0;i<50;i++)
   801  00DB  01F5               	clrf	servoRotate180@i
   802  00DC  01F6               	clrf	servoRotate180@i+1
   803  00DD                     l63:	
   804                           
   805                           ;lab5Sm1.c: 90:   {;lab5Sm1.c: 91:     RB0 = 1;
   806  00DD  1283               	bcf	3,5	;RP0=0, select bank0
   807  00DE  1303               	bcf	3,6	;RP1=0, select bank0
   808  00DF  1406               	bsf	6,0	;volatile
   809  00E0                     l759:	
   810                           
   811                           ;lab5Sm1.c: 92:     _delay((unsigned long)((2200)*(8000000/4000000.0)));
   812  00E0  3006               	movlw	6
   813  00E1  00F4               	movwf	??_servoRotate180+1
   814  00E2  30B5               	movlw	181
   815  00E3  00F3               	movwf	??_servoRotate180
   816  00E4                     u217:	
   817  00E4  0BF3               	decfsz	??_servoRotate180,f
   818  00E5  28E4               	goto	u217
   819  00E6  0BF4               	decfsz	??_servoRotate180+1,f
   820  00E7  28E4               	goto	u217
   821  00E8  28E9               	nop2
   822  00E9                     l761:	
   823                           
   824                           ;lab5Sm1.c: 93:     RB0 = 0;
   825  00E9  1283               	bcf	3,5	;RP0=0, select bank0
   826  00EA  1303               	bcf	3,6	;RP1=0, select bank0
   827  00EB  1006               	bcf	6,0	;volatile
   828                           
   829                           ;lab5Sm1.c: 94:     _delay((unsigned long)((17800)*(8000000/4000000.0)));
   830  00EC  302F               	movlw	47
   831  00ED  00F4               	movwf	??_servoRotate180+1
   832  00EE  303A               	movlw	58
   833  00EF  00F3               	movwf	??_servoRotate180
   834  00F0                     u227:	
   835  00F0  0BF3               	decfsz	??_servoRotate180,f
   836  00F1  28F0               	goto	u227
   837  00F2  0BF4               	decfsz	??_servoRotate180+1,f
   838  00F3  28F0               	goto	u227
   839  00F4  0000               	nop
   840                           
   841                           ;lab5Sm1.c: 95:   }
   842  00F5  3001               	movlw	1
   843  00F6  07F5               	addwf	servoRotate180@i,f
   844  00F7  1803               	skipnc
   845  00F8  0AF6               	incf	servoRotate180@i+1,f
   846  00F9  3000               	movlw	0
   847  00FA  07F6               	addwf	servoRotate180@i+1,f
   848  00FB  3000               	movlw	0
   849  00FC  0276               	subwf	servoRotate180@i+1,w
   850  00FD  3032               	movlw	50
   851  00FE  1903               	skipnz
   852  00FF  0275               	subwf	servoRotate180@i,w
   853  0100  1C03               	skipc
   854  0101  2903               	goto	u31
   855  0102  2904               	goto	u30
   856  0103                     u31:	
   857  0103  28DD               	goto	l63
   858  0104                     u30:	
   859  0104                     l65:	
   860  0104  0008               	return
   861  0105                     __end_of_servoRotate180:	
   862                           
   863                           	psect	text5
   864  0105                     __ptext5:	
   865 ;; *************** function _servoRotate0 *****************
   866 ;; Defined at:
   867 ;;		line 62 in file "lab5Sm1.c"
   868 ;; Parameters:    Size  Location     Type
   869 ;;		None
   870 ;; Auto vars:     Size  Location     Type
   871 ;;  i               2    5[COMMON] unsigned int 
   872 ;; Return value:  Size  Location     Type
   873 ;;                  1    wreg      void 
   874 ;; Registers used:
   875 ;;		wreg, status,2
   876 ;; Tracked objects:
   877 ;;		On entry : 0/0
   878 ;;		On exit  : 0/0
   879 ;;		Unchanged: 0/0
   880 ;; Data sizes:     COMMON   BANK0   BANK1   BANK3   BANK2
   881 ;;      Params:         0       0       0       0       0
   882 ;;      Locals:         2       0       0       0       0
   883 ;;      Temps:          2       0       0       0       0
   884 ;;      Totals:         4       0       0       0       0
   885 ;;Total ram usage:        4 bytes
   886 ;; Hardware stack levels used:    1
   887 ;; Hardware stack levels required when called:    1
   888 ;; This function calls:
   889 ;;		Nothing
   890 ;; This function is called by:
   891 ;;		_main
   892 ;; This function uses a non-reentrant model
   893 ;;
   894                           
   895                           
   896                           ;psect for function _servoRotate0
   897  0105                     _servoRotate0:	
   898  0105                     l733:	
   899                           ;incstack = 0
   900                           ; Regs used in _servoRotate0: [wreg+status,2]
   901                           
   902                           
   903                           ;lab5Sm1.c: 64:   unsigned int i;;lab5Sm1.c: 65:   for(i=0;i<50;i++)
   904  0105  01F5               	clrf	servoRotate0@i
   905  0106  01F6               	clrf	servoRotate0@i+1
   906  0107                     l53:	
   907                           
   908                           ;lab5Sm1.c: 66:   {;lab5Sm1.c: 67:     RB0 = 1;
   909  0107  1283               	bcf	3,5	;RP0=0, select bank0
   910  0108  1303               	bcf	3,6	;RP1=0, select bank0
   911  0109  1406               	bsf	6,0	;volatile
   912  010A                     l739:	
   913                           
   914                           ;lab5Sm1.c: 68:     _delay((unsigned long)((800)*(8000000/4000000.0)));
   915  010A  30E4               	movlw	228
   916  010B  00F3               	movwf	??_servoRotate0
   917  010C                     u237:	
   918  010C  290D               	nop2
   919  010D  290E               	nop2
   920  010E  0BF3               	decfsz	??_servoRotate0,f
   921  010F  290C               	goto	u237
   922  0110  2911               	nop2
   923  0111  0000               	nop
   924  0112                     l741:	
   925                           
   926                           ;lab5Sm1.c: 69:     RB0 = 0;
   927  0112  1283               	bcf	3,5	;RP0=0, select bank0
   928  0113  1303               	bcf	3,6	;RP1=0, select bank0
   929  0114  1006               	bcf	6,0	;volatile
   930                           
   931                           ;lab5Sm1.c: 70:     _delay((unsigned long)((19200)*(8000000/4000000.0)));
   932  0115  3032               	movlw	50
   933  0116  00F4               	movwf	??_servoRotate0+1
   934  0117  30DD               	movlw	221
   935  0118  00F3               	movwf	??_servoRotate0
   936  0119                     u247:	
   937  0119  0BF3               	decfsz	??_servoRotate0,f
   938  011A  2919               	goto	u247
   939  011B  0BF4               	decfsz	??_servoRotate0+1,f
   940  011C  2919               	goto	u247
   941  011D  291E               	nop2
   942                           
   943                           ;lab5Sm1.c: 71:   }
   944  011E  3001               	movlw	1
   945  011F  07F5               	addwf	servoRotate0@i,f
   946  0120  1803               	skipnc
   947  0121  0AF6               	incf	servoRotate0@i+1,f
   948  0122  3000               	movlw	0
   949  0123  07F6               	addwf	servoRotate0@i+1,f
   950  0124  3000               	movlw	0
   951  0125  0276               	subwf	servoRotate0@i+1,w
   952  0126  3032               	movlw	50
   953  0127  1903               	skipnz
   954  0128  0275               	subwf	servoRotate0@i,w
   955  0129  1C03               	skipc
   956  012A  292C               	goto	u11
   957  012B  292D               	goto	u10
   958  012C                     u11:	
   959  012C  2907               	goto	l53
   960  012D                     u10:	
   961  012D                     l55:	
   962  012D  0008               	return
   963  012E                     __end_of_servoRotate0:	
   964                           
   965                           	psect	text6
   966  0016                     __ptext6:	
   967 ;; *************** function _isr *****************
   968 ;; Defined at:
   969 ;;		line 25 in file "lab5Sm1.c"
   970 ;; Parameters:    Size  Location     Type
   971 ;;		None
   972 ;; Auto vars:     Size  Location     Type
   973 ;;		None
   974 ;; Return value:  Size  Location     Type
   975 ;;                  1    wreg      void 
   976 ;; Registers used:
   977 ;;		wreg
   978 ;; Tracked objects:
   979 ;;		On entry : 0/0
   980 ;;		On exit  : 0/0
   981 ;;		Unchanged: 0/0
   982 ;; Data sizes:     COMMON   BANK0   BANK1   BANK3   BANK2
   983 ;;      Params:         0       0       0       0       0
   984 ;;      Locals:         0       0       0       0       0
   985 ;;      Temps:          3       0       0       0       0
   986 ;;      Totals:         3       0       0       0       0
   987 ;;Total ram usage:        3 bytes
   988 ;; Hardware stack levels used:    1
   989 ;; This function calls:
   990 ;;		Nothing
   991 ;; This function is called by:
   992 ;;		Interrupt level 1
   993 ;; This function uses a non-reentrant model
   994 ;;
   995                           
   996                           
   997                           ;psect for function _isr
   998  0016                     _isr:	
   999  0016                     i1l773:	
  1000                           
  1001                           ;lab5Sm1.c: 26:    if(PIR1bits.SSPIF == 1){
  1002  0016  1283               	bcf	3,5	;RP0=0, select bank0
  1003  0017  1303               	bcf	3,6	;RP1=0, select bank0
  1004  0018  1D8C               	btfss	12,3	;volatile
  1005  0019  281B               	goto	u6_21
  1006  001A  281C               	goto	u6_20
  1007  001B                     u6_21:	
  1008  001B  2874               	goto	i1l50
  1009  001C                     u6_20:	
  1010  001C                     i1l775:	
  1011                           
  1012                           ;lab5Sm1.c: 28:         SSPCONbits.CKP = 0;
  1013  001C  1214               	bcf	20,4	;volatile
  1014                           
  1015                           ;lab5Sm1.c: 29:         a=1;
  1016  001D  01FA               	clrf	_a
  1017  001E  0AFA               	incf	_a,f
  1018                           
  1019                           ;lab5Sm1.c: 32:         if ((SSPCONbits.SSPOV) || (SSPCONbits.WCOL)){
  1020  001F  1B14               	btfsc	20,6	;volatile
  1021  0020  2822               	goto	u7_21
  1022  0021  2823               	goto	u7_20
  1023  0022                     u7_21:	
  1024  0022  2827               	goto	i1l779
  1025  0023                     u7_20:	
  1026  0023                     i1l777:	
  1027  0023  1F94               	btfss	20,7	;volatile
  1028  0024  2826               	goto	u8_21
  1029  0025  2827               	goto	u8_20
  1030  0026                     u8_21:	
  1031  0026  282E               	goto	i1l787
  1032  0027                     u8_20:	
  1033  0027                     i1l779:	
  1034                           
  1035                           ;lab5Sm1.c: 33:             z = SSPBUF;
  1036  0027  0813               	movf	19,w	;volatile
  1037  0028  00F0               	movwf	??_isr
  1038  0029  0870               	movf	??_isr,w
  1039  002A  00FC               	movwf	_z
  1040  002B                     i1l781:	
  1041                           
  1042                           ;lab5Sm1.c: 34:             SSPCONbits.SSPOV = 0;
  1043  002B  1314               	bcf	20,6	;volatile
  1044  002C                     i1l783:	
  1045                           
  1046                           ;lab5Sm1.c: 35:             SSPCONbits.WCOL = 0;
  1047  002C  1394               	bcf	20,7	;volatile
  1048  002D                     i1l785:	
  1049                           
  1050                           ;lab5Sm1.c: 36:             SSPCONbits.CKP = 1;
  1051  002D  1614               	bsf	20,4	;volatile
  1052  002E                     i1l787:	
  1053                           
  1054                           ;lab5Sm1.c: 39:         if(!SSPSTATbits.D_nA && !SSPSTATbits.R_nW) {
  1055  002E  1683               	bsf	3,5	;RP0=1, select bank1
  1056  002F  1303               	bcf	3,6	;RP1=0, select bank1
  1057  0030  1A94               	btfsc	20,5	;volatile
  1058  0031  2833               	goto	u9_21
  1059  0032  2834               	goto	u9_20
  1060  0033                     u9_21:	
  1061  0033  2850               	goto	i1l41
  1062  0034                     u9_20:	
  1063  0034                     i1l789:	
  1064  0034  1914               	btfsc	20,2	;volatile
  1065  0035  2837               	goto	u10_21
  1066  0036  2838               	goto	u10_20
  1067  0037                     u10_21:	
  1068  0037  2850               	goto	i1l41
  1069  0038                     u10_20:	
  1070  0038                     i1l791:	
  1071                           
  1072                           ;lab5Sm1.c: 41:             z = SSPBUF;
  1073  0038  1283               	bcf	3,5	;RP0=0, select bank0
  1074  0039  1303               	bcf	3,6	;RP1=0, select bank0
  1075  003A  0813               	movf	19,w	;volatile
  1076  003B  00F0               	movwf	??_isr
  1077  003C  0870               	movf	??_isr,w
  1078  003D  00FC               	movwf	_z
  1079  003E                     i1l793:	
  1080                           
  1081                           ;lab5Sm1.c: 44:             PIR1bits.SSPIF = 0;
  1082  003E  118C               	bcf	12,3	;volatile
  1083  003F                     i1l795:	
  1084                           
  1085                           ;lab5Sm1.c: 45:             SSPCONbits.CKP = 1;
  1086  003F  1614               	bsf	20,4	;volatile
  1087  0040                     i1l42:	
  1088                           ;lab5Sm1.c: 46:             while(!SSPSTATbits.BF);
  1089                           
  1090  0040  1683               	bsf	3,5	;RP0=1, select bank1
  1091  0041  1303               	bcf	3,6	;RP1=0, select bank1
  1092  0042  1C14               	btfss	20,0	;volatile
  1093  0043  2845               	goto	u11_21
  1094  0044  2846               	goto	u11_20
  1095  0045                     u11_21:	
  1096  0045  2840               	goto	i1l42
  1097  0046                     u11_20:	
  1098  0046                     i1l797:	
  1099                           
  1100                           ;lab5Sm1.c: 47:             PORTD = SSPBUF;
  1101  0046  1283               	bcf	3,5	;RP0=0, select bank0
  1102  0047  1303               	bcf	3,6	;RP1=0, select bank0
  1103  0048  0813               	movf	19,w	;volatile
  1104  0049  0088               	movwf	8	;volatile
  1105                           
  1106                           ;lab5Sm1.c: 48:             _delay((unsigned long)((250)*(8000000/4000000.0)));
  1107  004A  30A6               	movlw	166
  1108  004B  00F0               	movwf	??_isr
  1109  004C                     u25_27:	
  1110  004C  0BF0               	decfsz	??_isr,f
  1111  004D  284C               	goto	u25_27
  1112  004E  0000               	nop
  1113                           
  1114                           ;lab5Sm1.c: 50:         }else if(!SSPSTATbits.D_nA && SSPSTATbits.R_nW){
  1115  004F  2871               	goto	i1l45
  1116  0050                     i1l41:	
  1117  0050  1A94               	btfsc	20,5	;volatile
  1118  0051  2853               	goto	u12_21
  1119  0052  2854               	goto	u12_20
  1120  0053                     u12_21:	
  1121  0053  2871               	goto	i1l45
  1122  0054                     u12_20:	
  1123  0054                     i1l799:	
  1124  0054  1D14               	btfss	20,2	;volatile
  1125  0055  2857               	goto	u13_21
  1126  0056  2858               	goto	u13_20
  1127  0057                     u13_21:	
  1128  0057  2871               	goto	i1l45
  1129  0058                     u13_20:	
  1130  0058                     i1l801:	
  1131                           
  1132                           ;lab5Sm1.c: 51:             z = SSPBUF;
  1133  0058  1283               	bcf	3,5	;RP0=0, select bank0
  1134  0059  1303               	bcf	3,6	;RP1=0, select bank0
  1135  005A  0813               	movf	19,w	;volatile
  1136  005B  00F0               	movwf	??_isr
  1137  005C  0870               	movf	??_isr,w
  1138  005D  00FC               	movwf	_z
  1139  005E                     i1l803:	
  1140                           
  1141                           ;lab5Sm1.c: 52:             BF = 0;
  1142  005E  1683               	bsf	3,5	;RP0=1, select bank1
  1143  005F  1303               	bcf	3,6	;RP1=0, select bank1
  1144  0060  1014               	bcf	20,0	;volatile
  1145                           
  1146                           ;lab5Sm1.c: 53:             SSPBUF = z;
  1147  0061  087C               	movf	_z,w
  1148  0062  1283               	bcf	3,5	;RP0=0, select bank0
  1149  0063  1303               	bcf	3,6	;RP1=0, select bank0
  1150  0064  0093               	movwf	19	;volatile
  1151  0065                     i1l805:	
  1152                           
  1153                           ;lab5Sm1.c: 54:             SSPCONbits.CKP = 1;
  1154  0065  1614               	bsf	20,4	;volatile
  1155                           
  1156                           ;lab5Sm1.c: 55:             _delay((unsigned long)((250)*(8000000/4000000.0)));
  1157  0066  30A6               	movlw	166
  1158  0067  00F0               	movwf	??_isr
  1159  0068                     u26_27:	
  1160  0068  0BF0               	decfsz	??_isr,f
  1161  0069  2868               	goto	u26_27
  1162  006A  0000               	nop
  1163  006B                     i1l47:	
  1164                           ;lab5Sm1.c: 56:             while(SSPSTATbits.BF);
  1165                           
  1166  006B  1683               	bsf	3,5	;RP0=1, select bank1
  1167  006C  1303               	bcf	3,6	;RP1=0, select bank1
  1168  006D  1814               	btfsc	20,0	;volatile
  1169  006E  2870               	goto	u14_21
  1170  006F  2871               	goto	u14_20
  1171  0070                     u14_21:	
  1172  0070  286B               	goto	i1l47
  1173  0071                     u14_20:	
  1174  0071                     i1l45:	
  1175                           
  1176                           ;lab5Sm1.c: 59:         PIR1bits.SSPIF = 0;
  1177  0071  1283               	bcf	3,5	;RP0=0, select bank0
  1178  0072  1303               	bcf	3,6	;RP1=0, select bank0
  1179  0073  118C               	bcf	12,3	;volatile
  1180  0074                     i1l50:	
  1181  0074  0872               	movf	??_isr+2,w
  1182  0075  008A               	movwf	10
  1183  0076  0E71               	swapf	(??_isr+1)^(0+4294967168),w
  1184  0077  0083               	movwf	3
  1185  0078  0EFE               	swapf	btemp,f
  1186  0079  0E7E               	swapf	btemp,w
  1187  007A  0009               	retfie
  1188  007B                     __end_of_isr:	
  1189  007E                     btemp	set	126	;btemp
  1190  007E                     wtemp0	set	126
  1191                           
  1192                           	psect	intentry
  1193  0004                     __pintentry:	
  1194                           ;incstack = 0
  1195                           ; Regs used in _isr: [wreg]
  1196                           
  1197  0004                     interrupt_function:	
  1198  007E                     saved_w	set	btemp
  1199  0004  00FE               	movwf	btemp
  1200  0005  0E03               	swapf	3,w
  1201  0006  00F1               	movwf	??_isr+1
  1202  0007  080A               	movf	10,w
  1203  0008  00F2               	movwf	??_isr+2
  1204  0009  120A  118A  2816   	ljmp	_isr


Data Sizes:
    Strings     0
    Constant    0
    Data        0
    BSS         3
    Persistent  0
    Stack       0

Auto Spaces:
    Space          Size  Autos    Used
    COMMON           14     10      13
    BANK0            80      0       0
    BANK1            80      0       0
    BANK3            96      0       0
    BANK2            96      0       0

Pointer List with Targets:

    None.

Critical Paths under _main in COMMON

    _main->_servoRotate0
    _main->_servoRotate180
    _main->_servoRotate90
    _setup->_I2C_Slave_Init

Critical Paths under _isr in COMMON

    None.

Critical Paths under _main in BANK0

    None.

Critical Paths under _isr in BANK0

    None.

Critical Paths under _main in BANK1

    None.

Critical Paths under _isr in BANK1

    None.

Critical Paths under _main in BANK3

    None.

Critical Paths under _isr in BANK3

    None.

Critical Paths under _main in BANK2

    None.

Critical Paths under _isr in BANK2

    None.

Call Graph Tables:

 ---------------------------------------------------------------------------------
 (Depth) Function   	        Calls       Base Space   Used Autos Params    Refs
 ---------------------------------------------------------------------------------
 (0) _main                                                 3     3      0     105
                                              7 COMMON     3     3      0
                       _servoRotate0
                     _servoRotate180
                      _servoRotate90
                              _setup
 ---------------------------------------------------------------------------------
 (1) _setup                                                0     0      0      15
                     _I2C_Slave_Init
 ---------------------------------------------------------------------------------
 (2) _I2C_Slave_Init                                       1     1      0      15
                                              3 COMMON     1     1      0
 ---------------------------------------------------------------------------------
 (1) _servoRotate90                                        4     4      0      30
                                              3 COMMON     4     4      0
 ---------------------------------------------------------------------------------
 (1) _servoRotate180                                       4     4      0      30
                                              3 COMMON     4     4      0
 ---------------------------------------------------------------------------------
 (1) _servoRotate0                                         4     4      0      30
                                              3 COMMON     4     4      0
 ---------------------------------------------------------------------------------
 Estimated maximum stack depth 2
 ---------------------------------------------------------------------------------
 (Depth) Function   	        Calls       Base Space   Used Autos Params    Refs
 ---------------------------------------------------------------------------------
 (3) _isr                                                  3     3      0       0
                                              0 COMMON     3     3      0
 ---------------------------------------------------------------------------------
 Estimated maximum stack depth 3
 ---------------------------------------------------------------------------------

 Call Graph Graphs:

 _main (ROOT)
   _servoRotate0
   _servoRotate180
   _servoRotate90
   _setup
     _I2C_Slave_Init

 _isr (ROOT)

 Address spaces:
Name               Size   Autos  Total    Cost      Usage
BITCOMMON            E      0       0       0        0.0%
EEDATA             100      0       0       0        0.0%
NULL                 0      0       0       0        0.0%
CODE                 0      0       0       0        0.0%
COMMON               E      A       D       1       92.9%
BITSFR0              0      0       0       1        0.0%
SFR0                 0      0       0       1        0.0%
BITSFR1              0      0       0       2        0.0%
SFR1                 0      0       0       2        0.0%
STACK                0      0       0       2        0.0%
ABS                  0      0       D       3        0.0%
BITBANK0            50      0       0       4        0.0%
BITSFR3              0      0       0       4        0.0%
SFR3                 0      0       0       4        0.0%
BANK0               50      0       0       5        0.0%
BITSFR2              0      0       0       5        0.0%
SFR2                 0      0       0       5        0.0%
BITBANK1            50      0       0       6        0.0%
BANK1               50      0       0       7        0.0%
BITBANK3            60      0       0       8        0.0%
BANK3               60      0       0       9        0.0%
BITBANK2            60      0       0      10        0.0%
BANK2               60      0       0      11        0.0%
DATA                 0      0       D      12        0.0%


Microchip Technology PIC Macro Assembler V2.10 build 88905656 
Symbol Table                                                                                   Mon May 11 22:15:16 2020

                       _a 007A                         _z 007C               __CFG_CP$OFF 0000  
             _SSPSTATbits 0094                        _BF 04A0                        l60 00DA  
                      l53 0107                        l55 012D                        l63 00DD  
                      l65 0104                        l58 00B3                        l76 0155  
                      u10 012D                        u11 012C                        u20 00DA  
                      u21 00D9                        u30 0104                        u31 0103  
           servoRotate0@i 0075                       l127 0147                       l721 013D  
                     l731 0144                       l723 013E                       l811 0083  
                     l741 0112                       l733 0105                       l725 013F  
                     l813 0088                       l751 00BF                       l743 00B1  
                     l727 0140                       l719 012F                       l815 0095  
                     l807 007B                       l761 00E9                       l753 00DB  
                     l729 0141                       l817 009A                       l809 0080  
                     l739 010A                       l763 0148                       l819 00A7  
                     l749 00B6                       l765 014E                       l759 00E0  
                     l767 014F                       _GIE 005F                       _RB0 0030  
                     u207 00C6                       u217 00E4                       u227 00F0  
                     u237 010C                       u247 0119                       u177 008E  
            __CFG_CPD$OFF 0000                       u187 00A0                       u197 00BA  
                     _isr 0016            servoRotate90@i 0075              __CFG_LVP$OFF 0000  
                    ?_isr 0070                      _PEIE 005E                      i1l41 0050  
                    i1l42 0040                      i1l50 0074                      i1l45 0071  
                    i1l47 006B                      u6_20 001C                      u6_21 001B  
                    u7_20 0023                      u7_21 0022                      u8_20 0027  
                    u8_21 0026                      u9_20 0034                      u9_21 0033  
                    _dato 007B                      _main 007B                      btemp 007E  
                    start 000C             __CFG_IESO$OFF 0000           ??_servoRotate90 0073  
         servoRotate180@i 0075                     ??_isr 0070                     ?_main 0070  
           __CFG_WDTE$OFF 0000                     i1l801 0058                     i1l803 005E  
                   i1l805 0065                     i1l781 002B                     i1l773 0016  
                   i1l791 0038                     i1l783 002C                     i1l775 001C  
                   i1l793 003E                     i1l785 002D                     i1l777 0023  
                   i1l795 003F                     i1l787 002E                     i1l779 0027  
                   i1l797 0046                     i1l789 0034                     i1l799 0054  
                   u10_20 0038                     u10_21 0037                     u11_20 0046  
                   u11_21 0045                     u12_20 0054                     u12_21 0053  
                   u13_20 0058                     u13_21 0057                     u14_20 0071  
                   u14_21 0070                     u25_27 004C                     u26_27 0068  
                   _PORTD 0008                     _TRISB 0086                     _TRISD 0088  
                   _SSPIE 0463                     _SSPIF 0063            __CFG_FCMEN$OFF 0000  
                   _setup 0148            __CFG_BOREN$OFF 0000                     pclath 000A  
                   status 0003                     wtemp0 007E          ??_servoRotate180 0073  
          __CFG_MCLRE$OFF 0000           __initialization 000F              __end_of_main 00B1  
                  ??_main 0077                    ?_setup 0070                    _SSPADD 0093  
                  _SSPBUF 0013                    _SSPCON 0014            __CFG_PWRTE$OFF 0000  
                  saved_w 007E   __end_of__initialization 0012            __pcstackCOMMON 0070  
 __size_of_I2C_Slave_Init 001A             __end_of_setup 0156                   ??_setup 0074  
   I2C_Slave_Init@address 0073                __pmaintext 007B                __pintentry 0004  
                 _SSPCON2 0091                   _SSPSTAT 0094     __end_of_servoRotate90 00DB  
                 __ptext1 0148                   __ptext2 012E                   __ptext3 00B1  
                 __ptext4 00DB                   __ptext5 0105                   __ptext6 0016  
            __size_of_isr 0065      end_of_initialization 0012             ?_servoRotate0 0070  
          _I2C_Slave_Init 012E                 _PORTBbits 0006                 _TRISCbits 0087  
  __end_of_I2C_Slave_Init 0148            ??_servoRotate0 0073   __size_of_servoRotate180 002A  
     start_initialization 000F               __end_of_isr 007B  __CFG_FOSC$INTRC_NOCLKOUT 0000  
         ?_I2C_Slave_Init 0070               __pbssCOMMON 007A                 ___latbits 0002  
    __end_of_servoRotate0 012E            __size_of_setup 000E         interrupt_function 0004  
                _PIR1bits 000C            _servoRotate180 00DB    __size_of_servoRotate90 002A  
  __end_of_servoRotate180 0105          ??_I2C_Slave_Init 0073             __size_of_main 0036  
         ?_servoRotate180 0070             _servoRotate90 00B1     __size_of_servoRotate0 0029  
                intlevel1 0000            ?_servoRotate90 0070              _servoRotate0 0105  
             _SSPCON2bits 0091                _SSPCONbits 0014  
